===2016-10-04 11:17:09.457 INFO  com.lawyer.xia.Application Line:48  - Starting Application on LINDENG-E17RD with PID 8088 (D:\MyProject\LawerXia\xia\target\classes started by lindeng in D:\MyProject\LawerXia\xia)
===2016-10-04 11:17:09.468 INFO  com.lawyer.xia.Application Line:659 - No active profile set, falling back to default profiles: default
===2016-10-04 11:17:15.457 INFO  org.apache.shiro.cache.ehcache.EhCacheManager Line:159 - Cache with name 'passWordRetryCache' does not yet exist.  Creating now.
===2016-10-04 11:17:15.460 INFO  org.apache.shiro.cache.ehcache.EhCacheManager Line:166 - Added EhCache named [passWordRetryCache]
===2016-10-04 11:17:16.064 INFO  com.alibaba.druid.pool.DruidDataSource Line:721 - {dataSource-1} inited
===2016-10-04 11:17:18.334 INFO  org.apache.shiro.cache.ehcache.EhCacheManager Line:159 - Cache with name 'com.lawyer.xia.shiro.ShiroRealmImpl.authorizationCache' does not yet exist.  Creating now.
===2016-10-04 11:17:18.337 INFO  org.apache.shiro.cache.ehcache.EhCacheManager Line:166 - Added EhCache named [com.lawyer.xia.shiro.ShiroRealmImpl.authorizationCache]
===2016-10-04 11:17:18.380 INFO  org.apache.shiro.cache.ehcache.EhCacheManager Line:159 - Cache with name 'shiro-kickout-session' does not yet exist.  Creating now.
===2016-10-04 11:17:18.381 INFO  org.apache.shiro.cache.ehcache.EhCacheManager Line:166 - Added EhCache named [shiro-kickout-session]
===2016-10-04 11:17:19.648 INFO  org.apache.catalina.core.StandardService Line:179 - Starting service Tomcat
===2016-10-04 11:17:19.649 INFO  org.apache.catalina.core.StandardEngine Line:179 - Starting Servlet Engine: Apache Tomcat/8.5.4
===2016-10-04 11:17:20.394 INFO  org.apache.jasper.servlet.TldScanner Line:179 - At least one JAR was scanned for TLDs yet contained no TLDs. Enable debug logging for this logger for a complete list of JARs that were scanned but no TLDs were found in them. Skipping unneeded JARs during scanning can improve startup time and JSP compilation time.
===2016-10-04 11:17:20.403 INFO  org.apache.catalina.core.ContainerBase.[Tomcat].[localhost].[/] Line:179 - Initializing Spring embedded WebApplicationContext
===2016-10-04 11:17:24.978 INFO  org.apache.coyote.http11.Http11NioProtocol Line:179 - Initializing ProtocolHandler ["http-nio-8080"]
===2016-10-04 11:17:25.400 INFO  org.apache.coyote.http11.Http11NioProtocol Line:179 - Starting ProtocolHandler [http-nio-8080]
===2016-10-04 11:17:25.424 INFO  org.apache.tomcat.util.net.NioSelectorPool Line:179 - Using a shared selector for servlet write/read
===2016-10-04 11:17:25.516 INFO  com.lawyer.xia.Application Line:57  - Started Application in 17.185 seconds (JVM running for 18.826)
===2016-10-04 11:17:45.231 INFO  org.apache.catalina.core.ContainerBase.[Tomcat].[localhost].[/] Line:179 - Initializing Spring FrameworkServlet 'dispatcherServlet'
===2016-10-04 11:17:45.379 INFO  com.lawyer.xia.aop.LogAop Line:36  - URL : http://localhost:8080/login
===2016-10-04 11:17:45.379 INFO  com.lawyer.xia.aop.LogAop Line:37  - HTTP_METHOD : GET
===2016-10-04 11:17:45.379 INFO  com.lawyer.xia.aop.LogAop Line:38  - IP : 0:0:0:0:0:0:0:1
===2016-10-04 11:17:45.379 INFO  com.lawyer.xia.aop.LogAop Line:39  - CLASS_METHOD : com.lawyer.xia.controllers.shiro.ShiroController.loginGet
===2016-10-04 11:17:45.379 INFO  com.lawyer.xia.aop.LogAop Line:40  - ARGS : []
===2016-10-04 11:17:45.394 INFO  com.lawyer.xia.aop.LogAop Line:46  - RESPONSE : login
===2016-10-04 11:17:45.457 INFO  org.thymeleaf.TemplateEngine Line:825 - [THYMELEAF] INITIALIZING TEMPLATE ENGINE
===2016-10-04 11:17:45.552 INFO  org.thymeleaf.templateresolver.AbstractTemplateResolver Line:99  - [THYMELEAF] INITIALIZING TEMPLATE RESOLVER: org.thymeleaf.spring4.templateresolver.SpringResourceTemplateResolver
===2016-10-04 11:17:45.555 INFO  org.thymeleaf.templateresolver.AbstractTemplateResolver Line:110 - [THYMELEAF] TEMPLATE RESOLVER INITIALIZED OK
===2016-10-04 11:17:45.555 INFO  org.thymeleaf.messageresolver.AbstractMessageResolver Line:72  - [THYMELEAF] INITIALIZING MESSAGE RESOLVER: org.thymeleaf.spring4.messageresolver.SpringMessageResolver
===2016-10-04 11:17:45.556 INFO  org.thymeleaf.messageresolver.AbstractMessageResolver Line:78  - [THYMELEAF] MESSAGE RESOLVER INITIALIZED OK
===2016-10-04 11:17:45.564 INFO  org.thymeleaf.TemplateEngine.CONFIG Line:123 - [THYMELEAF] TEMPLATE ENGINE CONFIGURATION:
[THYMELEAF] * Cache Factory implementation: org.thymeleaf.cache.StandardCacheManager
[THYMELEAF] * Template modes:
[THYMELEAF]     * HTML5
[THYMELEAF]     * VALIDXML
[THYMELEAF]     * XML
[THYMELEAF]     * VALIDXHTML
[THYMELEAF]     * XHTML
[THYMELEAF]     * LEGACYHTML5
[THYMELEAF] * Template resolvers (in order):
[THYMELEAF]     * org.thymeleaf.spring4.templateresolver.SpringResourceTemplateResolver
[THYMELEAF] * Message resolvers (in order):
[THYMELEAF]     * org.thymeleaf.spring4.messageresolver.SpringMessageResolver
[THYMELEAF] * Dialect [1 of 3]: org.thymeleaf.spring4.dialect.SpringStandardDialect
[THYMELEAF]     * Prefix: "th"
[THYMELEAF] * Dialect [2 of 3]: at.pollux.thymeleaf.shiro.dialect.ShiroDialect
[THYMELEAF]     * Prefix: "shiro"
[THYMELEAF] * Dialect [3 of 3]: nz.net.ultraq.thymeleaf.LayoutDialect
[THYMELEAF]     * Prefix: "layout"
[THYMELEAF] TEMPLATE ENGINE CONFIGURED OK
===2016-10-04 11:17:45.565 INFO  org.thymeleaf.TemplateEngine Line:838 - [THYMELEAF] TEMPLATE ENGINE INITIALIZED
===2016-10-04 11:17:52.818 INFO  com.lawyer.xia.aop.LogAop Line:36  - URL : http://localhost:8080/login
===2016-10-04 11:17:52.818 INFO  com.lawyer.xia.aop.LogAop Line:37  - HTTP_METHOD : POST
===2016-10-04 11:17:52.819 INFO  com.lawyer.xia.aop.LogAop Line:38  - IP : 0:0:0:0:0:0:0:1
===2016-10-04 11:17:52.819 INFO  com.lawyer.xia.aop.LogAop Line:39  - CLASS_METHOD : com.lawyer.xia.controllers.shiro.ShiroController.login
===2016-10-04 11:17:52.820 INFO  com.lawyer.xia.aop.LogAop Line:40  - ARGS : [SystemUser{userId=null, userName='test', passWord='123456', sysDepartment=null, roles=null, salt='null', state=null}, org.apache.shiro.web.servlet.ShiroHttpServletRequest@7fcfd476, org.springframework.validation.BeanPropertyBindingResult: 0 errors, {}]
===2016-10-04 11:17:52.821 INFO  com.lawyer.xia.controllers.shiro.ShiroController Line:57  - 对用户[test]进行登录验证..验证开始
===2016-10-04 11:17:52.931 INFO  com.lawyer.xia.controllers.shiro.ShiroController Line:59  - 对用户[test]进行登录验证..验证通过
===2016-10-04 11:17:52.932 INFO  com.lawyer.xia.controllers.shiro.ShiroController Line:93  - 用户[test]登录认证通过(这里可以进行一些认证通过后的一些系统参数初始化操作)
===2016-10-04 11:17:52.933 INFO  com.lawyer.xia.aop.LogAop Line:46  - RESPONSE : redirect:/index
===2016-10-04 11:17:53.060 INFO  com.lawyer.xia.aop.LogAop Line:36  - URL : http://localhost:8080/index;jsessionid=A85762C0C81AA50B80DAEA81CE54FB11
===2016-10-04 11:17:53.061 INFO  com.lawyer.xia.aop.LogAop Line:37  - HTTP_METHOD : GET
===2016-10-04 11:17:53.062 INFO  com.lawyer.xia.aop.LogAop Line:38  - IP : 0:0:0:0:0:0:0:1
===2016-10-04 11:17:53.062 INFO  com.lawyer.xia.aop.LogAop Line:39  - CLASS_METHOD : com.lawyer.xia.controllers.shiro.ShiroController.getUserList
===2016-10-04 11:17:53.063 INFO  com.lawyer.xia.aop.LogAop Line:40  - ARGS : [{}, org.apache.catalina.session.StandardSessionFacade@572dcc11]
===2016-10-04 11:17:53.065 INFO  com.lawyer.xia.aop.LogAop Line:46  - RESPONSE : index
===2016-10-04 11:21:14.063 INFO  com.lawyer.xia.Application Line:48  - Starting Application on LINDENG-E17RD with PID 9944 (D:\MyProject\LawerXia\xia\target\classes started by lindeng in D:\MyProject\LawerXia\xia)
===2016-10-04 11:21:14.179 INFO  com.lawyer.xia.Application Line:659 - No active profile set, falling back to default profiles: default
===2016-10-04 11:21:20.524 INFO  org.apache.shiro.cache.ehcache.EhCacheManager Line:159 - Cache with name 'passWordRetryCache' does not yet exist.  Creating now.
===2016-10-04 11:21:20.527 INFO  org.apache.shiro.cache.ehcache.EhCacheManager Line:166 - Added EhCache named [passWordRetryCache]
===2016-10-04 11:21:21.295 INFO  com.alibaba.druid.pool.DruidDataSource Line:721 - {dataSource-1} inited
===2016-10-04 11:21:23.802 INFO  org.apache.shiro.cache.ehcache.EhCacheManager Line:159 - Cache with name 'com.lawyer.xia.shiro.ShiroRealmImpl.authorizationCache' does not yet exist.  Creating now.
===2016-10-04 11:21:23.813 INFO  org.apache.shiro.cache.ehcache.EhCacheManager Line:166 - Added EhCache named [com.lawyer.xia.shiro.ShiroRealmImpl.authorizationCache]
===2016-10-04 11:21:23.850 INFO  org.apache.shiro.cache.ehcache.EhCacheManager Line:159 - Cache with name 'shiro-kickout-session' does not yet exist.  Creating now.
===2016-10-04 11:21:23.851 INFO  org.apache.shiro.cache.ehcache.EhCacheManager Line:166 - Added EhCache named [shiro-kickout-session]
===2016-10-04 11:21:25.201 INFO  org.apache.catalina.core.StandardService Line:179 - Starting service Tomcat
===2016-10-04 11:21:25.203 INFO  org.apache.catalina.core.StandardEngine Line:179 - Starting Servlet Engine: Apache Tomcat/8.5.4
===2016-10-04 11:21:26.207 INFO  org.apache.jasper.servlet.TldScanner Line:179 - At least one JAR was scanned for TLDs yet contained no TLDs. Enable debug logging for this logger for a complete list of JARs that were scanned but no TLDs were found in them. Skipping unneeded JARs during scanning can improve startup time and JSP compilation time.
===2016-10-04 11:21:26.223 INFO  org.apache.catalina.core.ContainerBase.[Tomcat].[localhost].[/] Line:179 - Initializing Spring embedded WebApplicationContext
===2016-10-04 11:21:31.414 INFO  org.apache.coyote.http11.Http11NioProtocol Line:179 - Initializing ProtocolHandler ["http-nio-8080"]
===2016-10-04 11:21:31.726 INFO  org.apache.coyote.http11.Http11NioProtocol Line:179 - Starting ProtocolHandler [http-nio-8080]
===2016-10-04 11:21:31.764 INFO  org.apache.tomcat.util.net.NioSelectorPool Line:179 - Using a shared selector for servlet write/read
===2016-10-04 11:21:31.888 INFO  com.lawyer.xia.Application Line:57  - Started Application in 18.721 seconds (JVM running for 19.811)
===2016-10-04 11:21:48.646 INFO  org.apache.catalina.core.ContainerBase.[Tomcat].[localhost].[/] Line:179 - Initializing Spring FrameworkServlet 'dispatcherServlet'
===2016-10-04 11:21:48.846 INFO  com.lawyer.xia.aop.LogAop Line:36  - URL : http://localhost:8080/login
===2016-10-04 11:21:48.846 INFO  com.lawyer.xia.aop.LogAop Line:37  - HTTP_METHOD : GET
===2016-10-04 11:21:48.847 INFO  com.lawyer.xia.aop.LogAop Line:38  - IP : 0:0:0:0:0:0:0:1
===2016-10-04 11:21:48.849 INFO  com.lawyer.xia.aop.LogAop Line:39  - CLASS_METHOD : com.lawyer.xia.controllers.shiro.ShiroController.loginGet
===2016-10-04 11:21:48.851 INFO  com.lawyer.xia.aop.LogAop Line:40  - ARGS : []
===2016-10-04 11:21:48.874 INFO  com.lawyer.xia.aop.LogAop Line:46  - RESPONSE : login
===2016-10-04 11:21:48.910 INFO  org.thymeleaf.TemplateEngine Line:825 - [THYMELEAF] INITIALIZING TEMPLATE ENGINE
===2016-10-04 11:21:48.972 INFO  org.thymeleaf.templateresolver.AbstractTemplateResolver Line:99  - [THYMELEAF] INITIALIZING TEMPLATE RESOLVER: org.thymeleaf.spring4.templateresolver.SpringResourceTemplateResolver
===2016-10-04 11:21:48.972 INFO  org.thymeleaf.templateresolver.AbstractTemplateResolver Line:110 - [THYMELEAF] TEMPLATE RESOLVER INITIALIZED OK
===2016-10-04 11:21:48.973 INFO  org.thymeleaf.messageresolver.AbstractMessageResolver Line:72  - [THYMELEAF] INITIALIZING MESSAGE RESOLVER: org.thymeleaf.spring4.messageresolver.SpringMessageResolver
===2016-10-04 11:21:48.973 INFO  org.thymeleaf.messageresolver.AbstractMessageResolver Line:78  - [THYMELEAF] MESSAGE RESOLVER INITIALIZED OK
===2016-10-04 11:21:48.980 INFO  org.thymeleaf.TemplateEngine.CONFIG Line:123 - [THYMELEAF] TEMPLATE ENGINE CONFIGURATION:
[THYMELEAF] * Cache Factory implementation: org.thymeleaf.cache.StandardCacheManager
[THYMELEAF] * Template modes:
[THYMELEAF]     * HTML5
[THYMELEAF]     * XML
[THYMELEAF]     * VALIDXHTML
[THYMELEAF]     * VALIDXML
[THYMELEAF]     * XHTML
[THYMELEAF]     * LEGACYHTML5
[THYMELEAF] * Template resolvers (in order):
[THYMELEAF]     * org.thymeleaf.spring4.templateresolver.SpringResourceTemplateResolver
[THYMELEAF] * Message resolvers (in order):
[THYMELEAF]     * org.thymeleaf.spring4.messageresolver.SpringMessageResolver
[THYMELEAF] * Dialect [1 of 3]: org.thymeleaf.spring4.dialect.SpringStandardDialect
[THYMELEAF]     * Prefix: "th"
[THYMELEAF] * Dialect [2 of 3]: at.pollux.thymeleaf.shiro.dialect.ShiroDialect
[THYMELEAF]     * Prefix: "shiro"
[THYMELEAF] * Dialect [3 of 3]: nz.net.ultraq.thymeleaf.LayoutDialect
[THYMELEAF]     * Prefix: "layout"
[THYMELEAF] TEMPLATE ENGINE CONFIGURED OK
===2016-10-04 11:21:48.981 INFO  org.thymeleaf.TemplateEngine Line:838 - [THYMELEAF] TEMPLATE ENGINE INITIALIZED
===2016-10-04 11:21:55.700 INFO  com.lawyer.xia.aop.LogAop Line:36  - URL : http://localhost:8080/login
===2016-10-04 11:21:55.701 INFO  com.lawyer.xia.aop.LogAop Line:37  - HTTP_METHOD : POST
===2016-10-04 11:21:55.701 INFO  com.lawyer.xia.aop.LogAop Line:38  - IP : 0:0:0:0:0:0:0:1
===2016-10-04 11:21:55.701 INFO  com.lawyer.xia.aop.LogAop Line:39  - CLASS_METHOD : com.lawyer.xia.controllers.shiro.ShiroController.login
===2016-10-04 11:21:55.702 INFO  com.lawyer.xia.aop.LogAop Line:40  - ARGS : [SystemUser{userId=null, userName='test', passWord='123456', sysDepartment=null, roles=null, salt='null', state=null}, org.apache.shiro.web.servlet.ShiroHttpServletRequest@728b5007, org.springframework.validation.BeanPropertyBindingResult: 0 errors, {}]
===2016-10-04 11:21:55.703 INFO  com.lawyer.xia.controllers.shiro.ShiroController Line:57  - 对用户[test]进行登录验证..验证开始
===2016-10-04 11:21:55.793 INFO  com.lawyer.xia.controllers.shiro.ShiroController Line:59  - 对用户[test]进行登录验证..验证通过
===2016-10-04 11:21:55.793 INFO  com.lawyer.xia.controllers.shiro.ShiroController Line:93  - 用户[test]登录认证通过(这里可以进行一些认证通过后的一些系统参数初始化操作)
===2016-10-04 11:21:55.794 INFO  com.lawyer.xia.aop.LogAop Line:46  - RESPONSE : redirect:/index
===2016-10-04 11:21:55.859 INFO  com.lawyer.xia.aop.LogAop Line:36  - URL : http://localhost:8080/index
===2016-10-04 11:21:55.860 INFO  com.lawyer.xia.aop.LogAop Line:37  - HTTP_METHOD : GET
===2016-10-04 11:21:55.861 INFO  com.lawyer.xia.aop.LogAop Line:38  - IP : 0:0:0:0:0:0:0:1
===2016-10-04 11:21:55.863 INFO  com.lawyer.xia.aop.LogAop Line:39  - CLASS_METHOD : com.lawyer.xia.controllers.shiro.ShiroController.getUserList
===2016-10-04 11:21:55.863 INFO  com.lawyer.xia.aop.LogAop Line:40  - ARGS : [{}, org.apache.catalina.session.StandardSessionFacade@7192a271]
===2016-10-04 11:21:55.864 INFO  com.lawyer.xia.aop.LogAop Line:46  - RESPONSE : index
===2016-10-04 11:27:57.938 INFO  com.lawyer.xia.Application Line:48  - Starting Application on LINDENG-E17RD with PID 12020 (D:\MyProject\LawerXia\xia\target\classes started by lindeng in D:\MyProject\LawerXia\xia)
===2016-10-04 11:27:57.941 INFO  com.lawyer.xia.Application Line:659 - No active profile set, falling back to default profiles: default
===2016-10-04 11:28:04.417 INFO  org.apache.shiro.cache.ehcache.EhCacheManager Line:159 - Cache with name 'passWordRetryCache' does not yet exist.  Creating now.
===2016-10-04 11:28:04.419 INFO  org.apache.shiro.cache.ehcache.EhCacheManager Line:166 - Added EhCache named [passWordRetryCache]
===2016-10-04 11:28:04.945 INFO  com.alibaba.druid.pool.DruidDataSource Line:721 - {dataSource-1} inited
===2016-10-04 11:28:06.870 INFO  org.apache.shiro.cache.ehcache.EhCacheManager Line:159 - Cache with name 'com.lawyer.xia.shiro.ShiroRealmImpl.authorizationCache' does not yet exist.  Creating now.
===2016-10-04 11:28:06.871 INFO  org.apache.shiro.cache.ehcache.EhCacheManager Line:166 - Added EhCache named [com.lawyer.xia.shiro.ShiroRealmImpl.authorizationCache]
===2016-10-04 11:28:06.891 INFO  org.apache.shiro.cache.ehcache.EhCacheManager Line:159 - Cache with name 'shiro-kickout-session' does not yet exist.  Creating now.
===2016-10-04 11:28:06.891 INFO  org.apache.shiro.cache.ehcache.EhCacheManager Line:166 - Added EhCache named [shiro-kickout-session]
===2016-10-04 11:28:07.805 INFO  org.apache.catalina.core.StandardService Line:179 - Starting service Tomcat
===2016-10-04 11:28:07.807 INFO  org.apache.catalina.core.StandardEngine Line:179 - Starting Servlet Engine: Apache Tomcat/8.5.4
===2016-10-04 11:28:08.553 INFO  org.apache.jasper.servlet.TldScanner Line:179 - At least one JAR was scanned for TLDs yet contained no TLDs. Enable debug logging for this logger for a complete list of JARs that were scanned but no TLDs were found in them. Skipping unneeded JARs during scanning can improve startup time and JSP compilation time.
===2016-10-04 11:28:08.564 INFO  org.apache.catalina.core.ContainerBase.[Tomcat].[localhost].[/] Line:179 - Initializing Spring embedded WebApplicationContext
===2016-10-04 11:28:14.929 INFO  org.apache.coyote.http11.Http11NioProtocol Line:179 - Initializing ProtocolHandler ["http-nio-8080"]
===2016-10-04 11:28:15.292 INFO  org.apache.coyote.http11.Http11NioProtocol Line:179 - Starting ProtocolHandler [http-nio-8080]
===2016-10-04 11:28:15.310 INFO  org.apache.tomcat.util.net.NioSelectorPool Line:179 - Using a shared selector for servlet write/read
===2016-10-04 11:28:15.402 INFO  com.lawyer.xia.Application Line:57  - Started Application in 18.263 seconds (JVM running for 19.268)
===2016-10-04 11:28:23.424 INFO  org.apache.catalina.core.ContainerBase.[Tomcat].[localhost].[/] Line:179 - Initializing Spring FrameworkServlet 'dispatcherServlet'
===2016-10-04 11:28:23.654 INFO  com.lawyer.xia.aop.LogAop Line:36  - URL : http://localhost:8080/login
===2016-10-04 11:28:23.657 INFO  com.lawyer.xia.aop.LogAop Line:37  - HTTP_METHOD : GET
===2016-10-04 11:28:23.657 INFO  com.lawyer.xia.aop.LogAop Line:38  - IP : 0:0:0:0:0:0:0:1
===2016-10-04 11:28:23.660 INFO  com.lawyer.xia.aop.LogAop Line:39  - CLASS_METHOD : com.lawyer.xia.controllers.shiro.ShiroController.loginGet
===2016-10-04 11:28:23.660 INFO  com.lawyer.xia.aop.LogAop Line:40  - ARGS : []
===2016-10-04 11:28:23.669 INFO  com.lawyer.xia.aop.LogAop Line:46  - RESPONSE : login
===2016-10-04 11:28:23.742 INFO  org.thymeleaf.TemplateEngine Line:825 - [THYMELEAF] INITIALIZING TEMPLATE ENGINE
===2016-10-04 11:28:23.831 INFO  org.thymeleaf.templateresolver.AbstractTemplateResolver Line:99  - [THYMELEAF] INITIALIZING TEMPLATE RESOLVER: org.thymeleaf.spring4.templateresolver.SpringResourceTemplateResolver
===2016-10-04 11:28:23.832 INFO  org.thymeleaf.templateresolver.AbstractTemplateResolver Line:110 - [THYMELEAF] TEMPLATE RESOLVER INITIALIZED OK
===2016-10-04 11:28:23.833 INFO  org.thymeleaf.messageresolver.AbstractMessageResolver Line:72  - [THYMELEAF] INITIALIZING MESSAGE RESOLVER: org.thymeleaf.spring4.messageresolver.SpringMessageResolver
===2016-10-04 11:28:23.834 INFO  org.thymeleaf.messageresolver.AbstractMessageResolver Line:78  - [THYMELEAF] MESSAGE RESOLVER INITIALIZED OK
===2016-10-04 11:28:23.840 INFO  org.thymeleaf.TemplateEngine.CONFIG Line:123 - [THYMELEAF] TEMPLATE ENGINE CONFIGURATION:
[THYMELEAF] * Cache Factory implementation: org.thymeleaf.cache.StandardCacheManager
[THYMELEAF] * Template modes:
[THYMELEAF]     * VALIDXHTML
[THYMELEAF]     * LEGACYHTML5
[THYMELEAF]     * XHTML
[THYMELEAF]     * VALIDXML
[THYMELEAF]     * XML
[THYMELEAF]     * HTML5
[THYMELEAF] * Template resolvers (in order):
[THYMELEAF]     * org.thymeleaf.spring4.templateresolver.SpringResourceTemplateResolver
[THYMELEAF] * Message resolvers (in order):
[THYMELEAF]     * org.thymeleaf.spring4.messageresolver.SpringMessageResolver
[THYMELEAF] * Dialect [1 of 3]: org.thymeleaf.spring4.dialect.SpringStandardDialect
[THYMELEAF]     * Prefix: "th"
[THYMELEAF] * Dialect [2 of 3]: at.pollux.thymeleaf.shiro.dialect.ShiroDialect
[THYMELEAF]     * Prefix: "shiro"
[THYMELEAF] * Dialect [3 of 3]: nz.net.ultraq.thymeleaf.LayoutDialect
[THYMELEAF]     * Prefix: "layout"
[THYMELEAF] TEMPLATE ENGINE CONFIGURED OK
===2016-10-04 11:28:23.842 INFO  org.thymeleaf.TemplateEngine Line:838 - [THYMELEAF] TEMPLATE ENGINE INITIALIZED
===2016-10-04 11:28:30.399 INFO  com.lawyer.xia.aop.LogAop Line:36  - URL : http://localhost:8080/login
===2016-10-04 11:28:30.400 INFO  com.lawyer.xia.aop.LogAop Line:37  - HTTP_METHOD : POST
===2016-10-04 11:28:30.400 INFO  com.lawyer.xia.aop.LogAop Line:38  - IP : 0:0:0:0:0:0:0:1
===2016-10-04 11:28:30.401 INFO  com.lawyer.xia.aop.LogAop Line:39  - CLASS_METHOD : com.lawyer.xia.controllers.shiro.ShiroController.login
===2016-10-04 11:28:30.402 INFO  com.lawyer.xia.aop.LogAop Line:40  - ARGS : [SystemUser{userId=null, userName='test', passWord='123456', sysDepartment=null, roles=null, salt='null', state=null}, org.apache.shiro.web.servlet.ShiroHttpServletRequest@40c283b6, org.springframework.validation.BeanPropertyBindingResult: 0 errors, {}]
===2016-10-04 11:28:30.402 INFO  com.lawyer.xia.controllers.shiro.ShiroController Line:57  - 对用户[test]进行登录验证..验证开始
===2016-10-04 11:28:30.502 INFO  com.lawyer.xia.controllers.shiro.ShiroController Line:59  - 对用户[test]进行登录验证..验证通过
===2016-10-04 11:28:30.503 INFO  com.lawyer.xia.controllers.shiro.ShiroController Line:93  - 用户[test]登录认证通过(这里可以进行一些认证通过后的一些系统参数初始化操作)
===2016-10-04 11:28:30.505 INFO  com.lawyer.xia.aop.LogAop Line:46  - RESPONSE : redirect:/index
===2016-10-04 11:28:30.583 INFO  com.lawyer.xia.aop.LogAop Line:36  - URL : http://localhost:8080/index
===2016-10-04 11:28:30.584 INFO  com.lawyer.xia.aop.LogAop Line:37  - HTTP_METHOD : GET
===2016-10-04 11:28:30.585 INFO  com.lawyer.xia.aop.LogAop Line:38  - IP : 0:0:0:0:0:0:0:1
===2016-10-04 11:28:30.585 INFO  com.lawyer.xia.aop.LogAop Line:39  - CLASS_METHOD : com.lawyer.xia.controllers.shiro.ShiroController.getUserList
===2016-10-04 11:28:30.586 INFO  com.lawyer.xia.aop.LogAop Line:40  - ARGS : [{}, org.apache.catalina.session.StandardSessionFacade@1ae614c4]
===2016-10-04 11:28:30.589 INFO  com.lawyer.xia.aop.LogAop Line:46  - RESPONSE : index
===2016-10-04 11:29:57.550 INFO  com.lawyer.xia.Application Line:48  - Starting Application on LINDENG-E17RD with PID 5484 (D:\MyProject\LawerXia\xia\target\classes started by lindeng in D:\MyProject\LawerXia\xia)
===2016-10-04 11:29:57.573 INFO  com.lawyer.xia.Application Line:659 - No active profile set, falling back to default profiles: default
===2016-10-04 11:30:03.871 INFO  org.apache.shiro.cache.ehcache.EhCacheManager Line:159 - Cache with name 'passWordRetryCache' does not yet exist.  Creating now.
===2016-10-04 11:30:03.874 INFO  org.apache.shiro.cache.ehcache.EhCacheManager Line:166 - Added EhCache named [passWordRetryCache]
===2016-10-04 11:30:04.405 INFO  com.alibaba.druid.pool.DruidDataSource Line:721 - {dataSource-1} inited
===2016-10-04 11:30:06.355 INFO  org.apache.shiro.cache.ehcache.EhCacheManager Line:159 - Cache with name 'com.lawyer.xia.shiro.ShiroRealmImpl.authorizationCache' does not yet exist.  Creating now.
===2016-10-04 11:30:06.356 INFO  org.apache.shiro.cache.ehcache.EhCacheManager Line:166 - Added EhCache named [com.lawyer.xia.shiro.ShiroRealmImpl.authorizationCache]
===2016-10-04 11:30:06.382 INFO  org.apache.shiro.cache.ehcache.EhCacheManager Line:159 - Cache with name 'shiro-kickout-session' does not yet exist.  Creating now.
===2016-10-04 11:30:06.383 INFO  org.apache.shiro.cache.ehcache.EhCacheManager Line:166 - Added EhCache named [shiro-kickout-session]
===2016-10-04 11:30:07.253 INFO  org.apache.catalina.core.StandardService Line:179 - Starting service Tomcat
===2016-10-04 11:30:07.255 INFO  org.apache.catalina.core.StandardEngine Line:179 - Starting Servlet Engine: Apache Tomcat/8.5.4
===2016-10-04 11:30:07.935 INFO  org.apache.jasper.servlet.TldScanner Line:179 - At least one JAR was scanned for TLDs yet contained no TLDs. Enable debug logging for this logger for a complete list of JARs that were scanned but no TLDs were found in them. Skipping unneeded JARs during scanning can improve startup time and JSP compilation time.
===2016-10-04 11:30:07.943 INFO  org.apache.catalina.core.ContainerBase.[Tomcat].[localhost].[/] Line:179 - Initializing Spring embedded WebApplicationContext
===2016-10-04 11:30:13.501 INFO  org.apache.coyote.http11.Http11NioProtocol Line:179 - Initializing ProtocolHandler ["http-nio-8080"]
===2016-10-04 11:30:13.980 INFO  org.apache.coyote.http11.Http11NioProtocol Line:179 - Starting ProtocolHandler [http-nio-8080]
===2016-10-04 11:30:13.997 INFO  org.apache.tomcat.util.net.NioSelectorPool Line:179 - Using a shared selector for servlet write/read
===2016-10-04 11:30:14.112 INFO  com.lawyer.xia.Application Line:57  - Started Application in 17.44 seconds (JVM running for 18.383)
===2016-10-04 11:31:37.376 INFO  org.apache.catalina.core.ContainerBase.[Tomcat].[localhost].[/] Line:179 - Initializing Spring FrameworkServlet 'dispatcherServlet'
===2016-10-04 11:31:37.835 INFO  com.lawyer.xia.aop.LogAop Line:36  - URL : http://localhost:8080/login
===2016-10-04 11:31:37.836 INFO  com.lawyer.xia.aop.LogAop Line:37  - HTTP_METHOD : GET
===2016-10-04 11:31:37.836 INFO  com.lawyer.xia.aop.LogAop Line:38  - IP : 0:0:0:0:0:0:0:1
===2016-10-04 11:31:37.839 INFO  com.lawyer.xia.aop.LogAop Line:39  - CLASS_METHOD : com.lawyer.xia.controllers.shiro.ShiroController.loginGet
===2016-10-04 11:31:37.854 INFO  com.lawyer.xia.aop.LogAop Line:40  - ARGS : []
===2016-10-04 11:31:37.868 INFO  com.lawyer.xia.aop.LogAop Line:46  - RESPONSE : login
===2016-10-04 11:31:37.959 INFO  org.thymeleaf.TemplateEngine Line:825 - [THYMELEAF] INITIALIZING TEMPLATE ENGINE
===2016-10-04 11:31:38.087 INFO  org.thymeleaf.templateresolver.AbstractTemplateResolver Line:99  - [THYMELEAF] INITIALIZING TEMPLATE RESOLVER: org.thymeleaf.spring4.templateresolver.SpringResourceTemplateResolver
===2016-10-04 11:31:38.088 INFO  org.thymeleaf.templateresolver.AbstractTemplateResolver Line:110 - [THYMELEAF] TEMPLATE RESOLVER INITIALIZED OK
===2016-10-04 11:31:38.089 INFO  org.thymeleaf.messageresolver.AbstractMessageResolver Line:72  - [THYMELEAF] INITIALIZING MESSAGE RESOLVER: org.thymeleaf.spring4.messageresolver.SpringMessageResolver
===2016-10-04 11:31:38.089 INFO  org.thymeleaf.messageresolver.AbstractMessageResolver Line:78  - [THYMELEAF] MESSAGE RESOLVER INITIALIZED OK
===2016-10-04 11:31:38.123 INFO  org.thymeleaf.TemplateEngine.CONFIG Line:123 - [THYMELEAF] TEMPLATE ENGINE CONFIGURATION:
[THYMELEAF] * Cache Factory implementation: org.thymeleaf.cache.StandardCacheManager
[THYMELEAF] * Template modes:
[THYMELEAF]     * XML
[THYMELEAF]     * LEGACYHTML5
[THYMELEAF]     * HTML5
[THYMELEAF]     * VALIDXML
[THYMELEAF]     * XHTML
[THYMELEAF]     * VALIDXHTML
[THYMELEAF] * Template resolvers (in order):
[THYMELEAF]     * org.thymeleaf.spring4.templateresolver.SpringResourceTemplateResolver
[THYMELEAF] * Message resolvers (in order):
[THYMELEAF]     * org.thymeleaf.spring4.messageresolver.SpringMessageResolver
[THYMELEAF] * Dialect [1 of 3]: org.thymeleaf.spring4.dialect.SpringStandardDialect
[THYMELEAF]     * Prefix: "th"
[THYMELEAF] * Dialect [2 of 3]: at.pollux.thymeleaf.shiro.dialect.ShiroDialect
[THYMELEAF]     * Prefix: "shiro"
[THYMELEAF] * Dialect [3 of 3]: nz.net.ultraq.thymeleaf.LayoutDialect
[THYMELEAF]     * Prefix: "layout"
[THYMELEAF] TEMPLATE ENGINE CONFIGURED OK
===2016-10-04 11:31:38.124 INFO  org.thymeleaf.TemplateEngine Line:838 - [THYMELEAF] TEMPLATE ENGINE INITIALIZED
===2016-10-04 11:31:44.362 INFO  com.lawyer.xia.aop.LogAop Line:36  - URL : http://localhost:8080/login
===2016-10-04 11:31:44.363 INFO  com.lawyer.xia.aop.LogAop Line:37  - HTTP_METHOD : POST
===2016-10-04 11:31:44.364 INFO  com.lawyer.xia.aop.LogAop Line:38  - IP : 0:0:0:0:0:0:0:1
===2016-10-04 11:31:44.364 INFO  com.lawyer.xia.aop.LogAop Line:39  - CLASS_METHOD : com.lawyer.xia.controllers.shiro.ShiroController.login
===2016-10-04 11:31:44.365 INFO  com.lawyer.xia.aop.LogAop Line:40  - ARGS : [SystemUser{userId=null, userName='test', passWord='123456', sysDepartment=null, roles=null, salt='null', state=null}, org.apache.shiro.web.servlet.ShiroHttpServletRequest@67905152, org.springframework.validation.BeanPropertyBindingResult: 0 errors, {}]
===2016-10-04 11:31:44.366 INFO  com.lawyer.xia.controllers.shiro.ShiroController Line:57  - 对用户[test]进行登录验证..验证开始
===2016-10-04 11:31:44.498 INFO  com.lawyer.xia.controllers.shiro.ShiroController Line:59  - 对用户[test]进行登录验证..验证通过
===2016-10-04 11:31:44.499 INFO  com.lawyer.xia.controllers.shiro.ShiroController Line:93  - 用户[test]登录认证通过(这里可以进行一些认证通过后的一些系统参数初始化操作)
===2016-10-04 11:31:44.500 INFO  com.lawyer.xia.aop.LogAop Line:46  - RESPONSE : redirect:/index
===2016-10-04 11:31:44.668 INFO  com.lawyer.xia.aop.LogAop Line:36  - URL : http://localhost:8080/index
===2016-10-04 11:31:44.669 INFO  com.lawyer.xia.aop.LogAop Line:37  - HTTP_METHOD : GET
===2016-10-04 11:31:44.670 INFO  com.lawyer.xia.aop.LogAop Line:38  - IP : 0:0:0:0:0:0:0:1
===2016-10-04 11:31:44.670 INFO  com.lawyer.xia.aop.LogAop Line:39  - CLASS_METHOD : com.lawyer.xia.controllers.shiro.ShiroController.getUserList
===2016-10-04 11:31:44.671 INFO  com.lawyer.xia.aop.LogAop Line:40  - ARGS : [{}, org.apache.catalina.session.StandardSessionFacade@6d85323f]
===2016-10-04 11:31:44.673 INFO  com.lawyer.xia.aop.LogAop Line:46  - RESPONSE : index
===2016-10-04 11:34:24.969 INFO  com.lawyer.xia.Application Line:48  - Starting Application on LINDENG-E17RD with PID 13152 (D:\MyProject\LawerXia\xia\target\classes started by lindeng in D:\MyProject\LawerXia\xia)
===2016-10-04 11:34:24.977 INFO  com.lawyer.xia.Application Line:659 - No active profile set, falling back to default profiles: default
===2016-10-04 11:34:31.027 INFO  org.apache.shiro.cache.ehcache.EhCacheManager Line:159 - Cache with name 'passWordRetryCache' does not yet exist.  Creating now.
===2016-10-04 11:34:31.030 INFO  org.apache.shiro.cache.ehcache.EhCacheManager Line:166 - Added EhCache named [passWordRetryCache]
===2016-10-04 11:34:31.703 INFO  com.alibaba.druid.pool.DruidDataSource Line:721 - {dataSource-1} inited
===2016-10-04 11:34:33.510 INFO  org.apache.shiro.cache.ehcache.EhCacheManager Line:159 - Cache with name 'com.lawyer.xia.shiro.ShiroRealmImpl.authorizationCache' does not yet exist.  Creating now.
===2016-10-04 11:34:33.511 INFO  org.apache.shiro.cache.ehcache.EhCacheManager Line:166 - Added EhCache named [com.lawyer.xia.shiro.ShiroRealmImpl.authorizationCache]
===2016-10-04 11:34:33.533 INFO  org.apache.shiro.cache.ehcache.EhCacheManager Line:159 - Cache with name 'shiro-kickout-session' does not yet exist.  Creating now.
===2016-10-04 11:34:33.534 INFO  org.apache.shiro.cache.ehcache.EhCacheManager Line:166 - Added EhCache named [shiro-kickout-session]
===2016-10-04 11:34:34.615 INFO  org.apache.catalina.core.StandardService Line:179 - Starting service Tomcat
===2016-10-04 11:34:34.617 INFO  org.apache.catalina.core.StandardEngine Line:179 - Starting Servlet Engine: Apache Tomcat/8.5.4
===2016-10-04 11:34:35.299 INFO  org.apache.jasper.servlet.TldScanner Line:179 - At least one JAR was scanned for TLDs yet contained no TLDs. Enable debug logging for this logger for a complete list of JARs that were scanned but no TLDs were found in them. Skipping unneeded JARs during scanning can improve startup time and JSP compilation time.
===2016-10-04 11:34:35.312 INFO  org.apache.catalina.core.ContainerBase.[Tomcat].[localhost].[/] Line:179 - Initializing Spring embedded WebApplicationContext
===2016-10-04 11:34:40.690 INFO  org.apache.coyote.http11.Http11NioProtocol Line:179 - Initializing ProtocolHandler ["http-nio-8080"]
===2016-10-04 11:34:40.706 INFO  org.apache.coyote.http11.Http11NioProtocol Line:179 - Starting ProtocolHandler [http-nio-8080]
===2016-10-04 11:34:40.722 INFO  org.apache.tomcat.util.net.NioSelectorPool Line:179 - Using a shared selector for servlet write/read
===2016-10-04 11:34:40.756 INFO  com.lawyer.xia.Application Line:57  - Started Application in 16.585 seconds (JVM running for 17.442)
===2016-10-04 11:35:06.249 INFO  org.apache.catalina.core.ContainerBase.[Tomcat].[localhost].[/] Line:179 - Initializing Spring FrameworkServlet 'dispatcherServlet'
===2016-10-04 11:35:06.388 INFO  com.lawyer.xia.aop.LogAop Line:36  - URL : http://localhost:8080/login
===2016-10-04 11:35:06.388 INFO  com.lawyer.xia.aop.LogAop Line:37  - HTTP_METHOD : GET
===2016-10-04 11:35:06.389 INFO  com.lawyer.xia.aop.LogAop Line:38  - IP : 0:0:0:0:0:0:0:1
===2016-10-04 11:35:06.391 INFO  com.lawyer.xia.aop.LogAop Line:39  - CLASS_METHOD : com.lawyer.xia.controllers.shiro.ShiroController.loginGet
===2016-10-04 11:35:06.392 INFO  com.lawyer.xia.aop.LogAop Line:40  - ARGS : []
===2016-10-04 11:35:06.399 INFO  com.lawyer.xia.aop.LogAop Line:46  - RESPONSE : login
===2016-10-04 11:35:06.440 INFO  org.thymeleaf.TemplateEngine Line:825 - [THYMELEAF] INITIALIZING TEMPLATE ENGINE
===2016-10-04 11:35:06.539 INFO  org.thymeleaf.templateresolver.AbstractTemplateResolver Line:99  - [THYMELEAF] INITIALIZING TEMPLATE RESOLVER: org.thymeleaf.spring4.templateresolver.SpringResourceTemplateResolver
===2016-10-04 11:35:06.540 INFO  org.thymeleaf.templateresolver.AbstractTemplateResolver Line:110 - [THYMELEAF] TEMPLATE RESOLVER INITIALIZED OK
===2016-10-04 11:35:06.541 INFO  org.thymeleaf.messageresolver.AbstractMessageResolver Line:72  - [THYMELEAF] INITIALIZING MESSAGE RESOLVER: org.thymeleaf.spring4.messageresolver.SpringMessageResolver
===2016-10-04 11:35:06.542 INFO  org.thymeleaf.messageresolver.AbstractMessageResolver Line:78  - [THYMELEAF] MESSAGE RESOLVER INITIALIZED OK
===2016-10-04 11:35:06.549 INFO  org.thymeleaf.TemplateEngine.CONFIG Line:123 - [THYMELEAF] TEMPLATE ENGINE CONFIGURATION:
[THYMELEAF] * Cache Factory implementation: org.thymeleaf.cache.StandardCacheManager
[THYMELEAF] * Template modes:
[THYMELEAF]     * VALIDXML
[THYMELEAF]     * VALIDXHTML
[THYMELEAF]     * XML
[THYMELEAF]     * LEGACYHTML5
[THYMELEAF]     * XHTML
[THYMELEAF]     * HTML5
[THYMELEAF] * Template resolvers (in order):
[THYMELEAF]     * org.thymeleaf.spring4.templateresolver.SpringResourceTemplateResolver
[THYMELEAF] * Message resolvers (in order):
[THYMELEAF]     * org.thymeleaf.spring4.messageresolver.SpringMessageResolver
[THYMELEAF] * Dialect [1 of 3]: org.thymeleaf.spring4.dialect.SpringStandardDialect
[THYMELEAF]     * Prefix: "th"
[THYMELEAF] * Dialect [2 of 3]: at.pollux.thymeleaf.shiro.dialect.ShiroDialect
[THYMELEAF]     * Prefix: "shiro"
[THYMELEAF] * Dialect [3 of 3]: nz.net.ultraq.thymeleaf.LayoutDialect
[THYMELEAF]     * Prefix: "layout"
[THYMELEAF] TEMPLATE ENGINE CONFIGURED OK
===2016-10-04 11:35:06.550 INFO  org.thymeleaf.TemplateEngine Line:838 - [THYMELEAF] TEMPLATE ENGINE INITIALIZED
===2016-10-04 11:35:14.261 INFO  com.lawyer.xia.aop.LogAop Line:36  - URL : http://localhost:8080/login
===2016-10-04 11:35:14.262 INFO  com.lawyer.xia.aop.LogAop Line:37  - HTTP_METHOD : POST
===2016-10-04 11:35:14.263 INFO  com.lawyer.xia.aop.LogAop Line:38  - IP : 0:0:0:0:0:0:0:1
===2016-10-04 11:35:14.263 INFO  com.lawyer.xia.aop.LogAop Line:39  - CLASS_METHOD : com.lawyer.xia.controllers.shiro.ShiroController.login
===2016-10-04 11:35:14.264 INFO  com.lawyer.xia.aop.LogAop Line:40  - ARGS : [SystemUser{userId=null, userName='test', passWord='123456', sysDepartment=null, roles=null, salt='null', state=null}, org.apache.shiro.web.servlet.ShiroHttpServletRequest@2fce9aab, org.springframework.validation.BeanPropertyBindingResult: 0 errors, {}]
===2016-10-04 11:35:14.266 INFO  com.lawyer.xia.controllers.shiro.ShiroController Line:57  - 对用户[test]进行登录验证..验证开始
===2016-10-04 11:35:14.424 INFO  com.lawyer.xia.controllers.shiro.ShiroController Line:59  - 对用户[test]进行登录验证..验证通过
===2016-10-04 11:35:14.425 INFO  com.lawyer.xia.controllers.shiro.ShiroController Line:93  - 用户[test]登录认证通过(这里可以进行一些认证通过后的一些系统参数初始化操作)
===2016-10-04 11:35:14.425 INFO  com.lawyer.xia.aop.LogAop Line:46  - RESPONSE : redirect:/index
===2016-10-04 11:35:14.546 INFO  com.lawyer.xia.aop.LogAop Line:36  - URL : http://localhost:8080/index
===2016-10-04 11:35:14.546 INFO  com.lawyer.xia.aop.LogAop Line:37  - HTTP_METHOD : GET
===2016-10-04 11:35:14.547 INFO  com.lawyer.xia.aop.LogAop Line:38  - IP : 0:0:0:0:0:0:0:1
===2016-10-04 11:35:14.547 INFO  com.lawyer.xia.aop.LogAop Line:39  - CLASS_METHOD : com.lawyer.xia.controllers.shiro.ShiroController.getUserList
===2016-10-04 11:35:14.548 INFO  com.lawyer.xia.aop.LogAop Line:40  - ARGS : [{}, org.apache.catalina.session.StandardSessionFacade@2dbd6d67]
===2016-10-04 11:35:14.550 INFO  com.lawyer.xia.aop.LogAop Line:46  - RESPONSE : index
===2016-10-04 11:35:37.703 INFO  com.lawyer.xia.Application Line:48  - Starting Application on LINDENG-E17RD with PID 12300 (D:\MyProject\LawerXia\xia\target\classes started by lindeng in D:\MyProject\LawerXia\xia)
===2016-10-04 11:35:37.708 INFO  com.lawyer.xia.Application Line:659 - No active profile set, falling back to default profiles: default
===2016-10-04 11:35:43.344 INFO  org.apache.shiro.cache.ehcache.EhCacheManager Line:159 - Cache with name 'passWordRetryCache' does not yet exist.  Creating now.
===2016-10-04 11:35:43.347 INFO  org.apache.shiro.cache.ehcache.EhCacheManager Line:166 - Added EhCache named [passWordRetryCache]
===2016-10-04 11:35:44.398 INFO  com.alibaba.druid.pool.DruidDataSource Line:721 - {dataSource-1} inited
===2016-10-04 11:35:46.756 INFO  org.apache.shiro.cache.ehcache.EhCacheManager Line:159 - Cache with name 'com.lawyer.xia.shiro.ShiroRealmImpl.authorizationCache' does not yet exist.  Creating now.
===2016-10-04 11:35:46.760 INFO  org.apache.shiro.cache.ehcache.EhCacheManager Line:166 - Added EhCache named [com.lawyer.xia.shiro.ShiroRealmImpl.authorizationCache]
===2016-10-04 11:35:46.798 INFO  org.apache.shiro.cache.ehcache.EhCacheManager Line:159 - Cache with name 'shiro-kickout-session' does not yet exist.  Creating now.
===2016-10-04 11:35:46.799 INFO  org.apache.shiro.cache.ehcache.EhCacheManager Line:166 - Added EhCache named [shiro-kickout-session]
===2016-10-04 11:35:47.852 INFO  org.apache.catalina.core.StandardService Line:179 - Starting service Tomcat
===2016-10-04 11:35:47.853 INFO  org.apache.catalina.core.StandardEngine Line:179 - Starting Servlet Engine: Apache Tomcat/8.5.4
===2016-10-04 11:35:48.499 INFO  org.apache.jasper.servlet.TldScanner Line:179 - At least one JAR was scanned for TLDs yet contained no TLDs. Enable debug logging for this logger for a complete list of JARs that were scanned but no TLDs were found in them. Skipping unneeded JARs during scanning can improve startup time and JSP compilation time.
===2016-10-04 11:35:48.507 INFO  org.apache.catalina.core.ContainerBase.[Tomcat].[localhost].[/] Line:179 - Initializing Spring embedded WebApplicationContext
===2016-10-04 11:35:53.690 INFO  org.apache.coyote.http11.Http11NioProtocol Line:179 - Initializing ProtocolHandler ["http-nio-8080"]
===2016-10-04 11:35:53.976 INFO  org.apache.coyote.http11.Http11NioProtocol Line:179 - Starting ProtocolHandler [http-nio-8080]
===2016-10-04 11:35:53.998 INFO  org.apache.tomcat.util.net.NioSelectorPool Line:179 - Using a shared selector for servlet write/read
===2016-10-04 11:35:54.061 INFO  com.lawyer.xia.Application Line:57  - Started Application in 17.427 seconds (JVM running for 18.643)
===2016-10-04 11:36:13.096 INFO  org.apache.catalina.core.ContainerBase.[Tomcat].[localhost].[/] Line:179 - Initializing Spring FrameworkServlet 'dispatcherServlet'
===2016-10-04 11:36:13.227 INFO  com.lawyer.xia.aop.LogAop Line:36  - URL : http://localhost:8080/login
===2016-10-04 11:36:13.227 INFO  com.lawyer.xia.aop.LogAop Line:37  - HTTP_METHOD : GET
===2016-10-04 11:36:13.228 INFO  com.lawyer.xia.aop.LogAop Line:38  - IP : 0:0:0:0:0:0:0:1
===2016-10-04 11:36:13.231 INFO  com.lawyer.xia.aop.LogAop Line:39  - CLASS_METHOD : com.lawyer.xia.controllers.shiro.ShiroController.loginGet
===2016-10-04 11:36:13.231 INFO  com.lawyer.xia.aop.LogAop Line:40  - ARGS : []
===2016-10-04 11:36:13.239 INFO  com.lawyer.xia.aop.LogAop Line:46  - RESPONSE : login
===2016-10-04 11:36:13.266 INFO  org.thymeleaf.TemplateEngine Line:825 - [THYMELEAF] INITIALIZING TEMPLATE ENGINE
===2016-10-04 11:36:13.317 INFO  org.thymeleaf.templateresolver.AbstractTemplateResolver Line:99  - [THYMELEAF] INITIALIZING TEMPLATE RESOLVER: org.thymeleaf.spring4.templateresolver.SpringResourceTemplateResolver
===2016-10-04 11:36:13.318 INFO  org.thymeleaf.templateresolver.AbstractTemplateResolver Line:110 - [THYMELEAF] TEMPLATE RESOLVER INITIALIZED OK
===2016-10-04 11:36:13.319 INFO  org.thymeleaf.messageresolver.AbstractMessageResolver Line:72  - [THYMELEAF] INITIALIZING MESSAGE RESOLVER: org.thymeleaf.spring4.messageresolver.SpringMessageResolver
===2016-10-04 11:36:13.319 INFO  org.thymeleaf.messageresolver.AbstractMessageResolver Line:78  - [THYMELEAF] MESSAGE RESOLVER INITIALIZED OK
===2016-10-04 11:36:13.324 INFO  org.thymeleaf.TemplateEngine.CONFIG Line:123 - [THYMELEAF] TEMPLATE ENGINE CONFIGURATION:
[THYMELEAF] * Cache Factory implementation: org.thymeleaf.cache.StandardCacheManager
[THYMELEAF] * Template modes:
[THYMELEAF]     * VALIDXML
[THYMELEAF]     * HTML5
[THYMELEAF]     * XHTML
[THYMELEAF]     * VALIDXHTML
[THYMELEAF]     * XML
[THYMELEAF]     * LEGACYHTML5
[THYMELEAF] * Template resolvers (in order):
[THYMELEAF]     * org.thymeleaf.spring4.templateresolver.SpringResourceTemplateResolver
[THYMELEAF] * Message resolvers (in order):
[THYMELEAF]     * org.thymeleaf.spring4.messageresolver.SpringMessageResolver
[THYMELEAF] * Dialect [1 of 3]: org.thymeleaf.spring4.dialect.SpringStandardDialect
[THYMELEAF]     * Prefix: "th"
[THYMELEAF] * Dialect [2 of 3]: at.pollux.thymeleaf.shiro.dialect.ShiroDialect
[THYMELEAF]     * Prefix: "shiro"
[THYMELEAF] * Dialect [3 of 3]: nz.net.ultraq.thymeleaf.LayoutDialect
[THYMELEAF]     * Prefix: "layout"
[THYMELEAF] TEMPLATE ENGINE CONFIGURED OK
===2016-10-04 11:36:13.325 INFO  org.thymeleaf.TemplateEngine Line:838 - [THYMELEAF] TEMPLATE ENGINE INITIALIZED
===2016-10-04 11:36:20.420 INFO  com.lawyer.xia.aop.LogAop Line:36  - URL : http://localhost:8080/login
===2016-10-04 11:36:20.420 INFO  com.lawyer.xia.aop.LogAop Line:37  - HTTP_METHOD : POST
===2016-10-04 11:36:20.421 INFO  com.lawyer.xia.aop.LogAop Line:38  - IP : 0:0:0:0:0:0:0:1
===2016-10-04 11:36:20.421 INFO  com.lawyer.xia.aop.LogAop Line:39  - CLASS_METHOD : com.lawyer.xia.controllers.shiro.ShiroController.login
===2016-10-04 11:36:20.423 INFO  com.lawyer.xia.aop.LogAop Line:40  - ARGS : [SystemUser{userId=null, userName='test', passWord='123456', sysDepartment=null, roles=null, salt='null', state=null}, org.apache.shiro.web.servlet.ShiroHttpServletRequest@410e935d, org.springframework.validation.BeanPropertyBindingResult: 0 errors, {}]
===2016-10-04 11:36:20.424 INFO  com.lawyer.xia.controllers.shiro.ShiroController Line:57  - 对用户[test]进行登录验证..验证开始
===2016-10-04 11:36:20.516 INFO  com.lawyer.xia.controllers.shiro.ShiroController Line:59  - 对用户[test]进行登录验证..验证通过
===2016-10-04 11:36:20.517 INFO  com.lawyer.xia.controllers.shiro.ShiroController Line:93  - 用户[test]登录认证通过(这里可以进行一些认证通过后的一些系统参数初始化操作)
===2016-10-04 11:36:20.517 INFO  com.lawyer.xia.aop.LogAop Line:46  - RESPONSE : redirect:/index
===2016-10-04 11:36:20.581 INFO  com.lawyer.xia.aop.LogAop Line:36  - URL : http://localhost:8080/index
===2016-10-04 11:36:20.582 INFO  com.lawyer.xia.aop.LogAop Line:37  - HTTP_METHOD : GET
===2016-10-04 11:36:20.582 INFO  com.lawyer.xia.aop.LogAop Line:38  - IP : 0:0:0:0:0:0:0:1
===2016-10-04 11:36:20.583 INFO  com.lawyer.xia.aop.LogAop Line:39  - CLASS_METHOD : com.lawyer.xia.controllers.shiro.ShiroController.getUserList
===2016-10-04 11:36:20.584 INFO  com.lawyer.xia.aop.LogAop Line:40  - ARGS : [{}, org.apache.catalina.session.StandardSessionFacade@b57f43e]
===2016-10-04 11:36:20.585 INFO  com.lawyer.xia.aop.LogAop Line:46  - RESPONSE : index
===2016-10-04 11:36:29.543 INFO  com.lawyer.xia.aop.LogAop Line:36  - URL : http://localhost:8080/index
===2016-10-04 11:36:29.544 INFO  com.lawyer.xia.aop.LogAop Line:37  - HTTP_METHOD : GET
===2016-10-04 11:36:29.544 INFO  com.lawyer.xia.aop.LogAop Line:38  - IP : 0:0:0:0:0:0:0:1
===2016-10-04 11:36:29.545 INFO  com.lawyer.xia.aop.LogAop Line:39  - CLASS_METHOD : com.lawyer.xia.controllers.shiro.ShiroController.getUserList
===2016-10-04 11:36:29.547 INFO  com.lawyer.xia.aop.LogAop Line:40  - ARGS : [{}, org.apache.catalina.session.StandardSessionFacade@b57f43e]
===2016-10-04 11:36:29.548 INFO  com.lawyer.xia.aop.LogAop Line:46  - RESPONSE : index
===2016-10-04 11:37:28.155 INFO  com.lawyer.xia.aop.LogAop Line:36  - URL : http://localhost:8080/index
===2016-10-04 11:37:28.161 INFO  com.lawyer.xia.aop.LogAop Line:37  - HTTP_METHOD : GET
===2016-10-04 11:37:28.161 INFO  com.lawyer.xia.aop.LogAop Line:38  - IP : 0:0:0:0:0:0:0:1
===2016-10-04 11:37:28.161 INFO  com.lawyer.xia.aop.LogAop Line:39  - CLASS_METHOD : com.lawyer.xia.controllers.shiro.ShiroController.getUserList
===2016-10-04 11:37:28.162 INFO  com.lawyer.xia.aop.LogAop Line:40  - ARGS : [{}, org.apache.catalina.session.StandardSessionFacade@b57f43e]
===2016-10-04 11:37:28.163 INFO  com.lawyer.xia.aop.LogAop Line:46  - RESPONSE : index
===2016-10-04 11:39:01.843 INFO  com.lawyer.xia.Application Line:48  - Starting Application on LINDENG-E17RD with PID 22332 (D:\MyProject\LawerXia\xia\target\classes started by lindeng in D:\MyProject\LawerXia\xia)
===2016-10-04 11:39:01.849 INFO  com.lawyer.xia.Application Line:659 - No active profile set, falling back to default profiles: default
===2016-10-04 11:39:08.274 INFO  org.apache.shiro.cache.ehcache.EhCacheManager Line:159 - Cache with name 'passWordRetryCache' does not yet exist.  Creating now.
===2016-10-04 11:39:08.276 INFO  org.apache.shiro.cache.ehcache.EhCacheManager Line:166 - Added EhCache named [passWordRetryCache]
===2016-10-04 11:39:08.776 INFO  com.alibaba.druid.pool.DruidDataSource Line:721 - {dataSource-1} inited
===2016-10-04 11:39:10.748 INFO  org.apache.shiro.cache.ehcache.EhCacheManager Line:159 - Cache with name 'com.lawyer.xia.shiro.ShiroRealmImpl.authorizationCache' does not yet exist.  Creating now.
===2016-10-04 11:39:10.749 INFO  org.apache.shiro.cache.ehcache.EhCacheManager Line:166 - Added EhCache named [com.lawyer.xia.shiro.ShiroRealmImpl.authorizationCache]
===2016-10-04 11:39:10.777 INFO  org.apache.shiro.cache.ehcache.EhCacheManager Line:159 - Cache with name 'shiro-kickout-session' does not yet exist.  Creating now.
===2016-10-04 11:39:10.779 INFO  org.apache.shiro.cache.ehcache.EhCacheManager Line:166 - Added EhCache named [shiro-kickout-session]
===2016-10-04 11:39:11.785 INFO  org.apache.catalina.core.StandardService Line:179 - Starting service Tomcat
===2016-10-04 11:39:11.787 INFO  org.apache.catalina.core.StandardEngine Line:179 - Starting Servlet Engine: Apache Tomcat/8.5.4
===2016-10-04 11:39:12.621 INFO  org.apache.jasper.servlet.TldScanner Line:179 - At least one JAR was scanned for TLDs yet contained no TLDs. Enable debug logging for this logger for a complete list of JARs that were scanned but no TLDs were found in them. Skipping unneeded JARs during scanning can improve startup time and JSP compilation time.
===2016-10-04 11:39:12.635 INFO  org.apache.catalina.core.ContainerBase.[Tomcat].[localhost].[/] Line:179 - Initializing Spring embedded WebApplicationContext
===2016-10-04 11:39:17.520 INFO  org.apache.coyote.http11.Http11NioProtocol Line:179 - Initializing ProtocolHandler ["http-nio-8080"]
===2016-10-04 11:39:17.858 INFO  org.apache.coyote.http11.Http11NioProtocol Line:179 - Starting ProtocolHandler [http-nio-8080]
===2016-10-04 11:39:17.876 INFO  org.apache.tomcat.util.net.NioSelectorPool Line:179 - Using a shared selector for servlet write/read
===2016-10-04 11:39:17.944 INFO  com.lawyer.xia.Application Line:57  - Started Application in 17.092 seconds (JVM running for 18.612)
===2016-10-04 11:39:46.393 INFO  org.apache.catalina.core.ContainerBase.[Tomcat].[localhost].[/] Line:179 - Initializing Spring FrameworkServlet 'dispatcherServlet'
===2016-10-04 11:39:46.584 INFO  com.lawyer.xia.aop.LogAop Line:36  - URL : http://localhost:8080/login
===2016-10-04 11:39:46.585 INFO  com.lawyer.xia.aop.LogAop Line:37  - HTTP_METHOD : GET
===2016-10-04 11:39:46.587 INFO  com.lawyer.xia.aop.LogAop Line:38  - IP : 0:0:0:0:0:0:0:1
===2016-10-04 11:39:46.591 INFO  com.lawyer.xia.aop.LogAop Line:39  - CLASS_METHOD : com.lawyer.xia.controllers.shiro.ShiroController.loginGet
===2016-10-04 11:39:46.595 INFO  com.lawyer.xia.aop.LogAop Line:40  - ARGS : []
===2016-10-04 11:39:46.606 INFO  com.lawyer.xia.aop.LogAop Line:46  - RESPONSE : login
===2016-10-04 11:39:46.666 INFO  org.thymeleaf.TemplateEngine Line:825 - [THYMELEAF] INITIALIZING TEMPLATE ENGINE
===2016-10-04 11:39:46.749 INFO  org.thymeleaf.templateresolver.AbstractTemplateResolver Line:99  - [THYMELEAF] INITIALIZING TEMPLATE RESOLVER: org.thymeleaf.spring4.templateresolver.SpringResourceTemplateResolver
===2016-10-04 11:39:46.750 INFO  org.thymeleaf.templateresolver.AbstractTemplateResolver Line:110 - [THYMELEAF] TEMPLATE RESOLVER INITIALIZED OK
===2016-10-04 11:39:46.751 INFO  org.thymeleaf.messageresolver.AbstractMessageResolver Line:72  - [THYMELEAF] INITIALIZING MESSAGE RESOLVER: org.thymeleaf.spring4.messageresolver.SpringMessageResolver
===2016-10-04 11:39:46.751 INFO  org.thymeleaf.messageresolver.AbstractMessageResolver Line:78  - [THYMELEAF] MESSAGE RESOLVER INITIALIZED OK
===2016-10-04 11:39:46.758 INFO  org.thymeleaf.TemplateEngine.CONFIG Line:123 - [THYMELEAF] TEMPLATE ENGINE CONFIGURATION:
[THYMELEAF] * Cache Factory implementation: org.thymeleaf.cache.StandardCacheManager
[THYMELEAF] * Template modes:
[THYMELEAF]     * XHTML
[THYMELEAF]     * XML
[THYMELEAF]     * LEGACYHTML5
[THYMELEAF]     * VALIDXHTML
[THYMELEAF]     * VALIDXML
[THYMELEAF]     * HTML5
[THYMELEAF] * Template resolvers (in order):
[THYMELEAF]     * org.thymeleaf.spring4.templateresolver.SpringResourceTemplateResolver
[THYMELEAF] * Message resolvers (in order):
[THYMELEAF]     * org.thymeleaf.spring4.messageresolver.SpringMessageResolver
[THYMELEAF] * Dialect [1 of 3]: org.thymeleaf.spring4.dialect.SpringStandardDialect
[THYMELEAF]     * Prefix: "th"
[THYMELEAF] * Dialect [2 of 3]: at.pollux.thymeleaf.shiro.dialect.ShiroDialect
[THYMELEAF]     * Prefix: "shiro"
[THYMELEAF] * Dialect [3 of 3]: nz.net.ultraq.thymeleaf.LayoutDialect
[THYMELEAF]     * Prefix: "layout"
[THYMELEAF] TEMPLATE ENGINE CONFIGURED OK
===2016-10-04 11:39:46.759 INFO  org.thymeleaf.TemplateEngine Line:838 - [THYMELEAF] TEMPLATE ENGINE INITIALIZED
===2016-10-04 11:39:54.058 INFO  com.lawyer.xia.aop.LogAop Line:36  - URL : http://localhost:8080/login
===2016-10-04 11:39:54.058 INFO  com.lawyer.xia.aop.LogAop Line:37  - HTTP_METHOD : POST
===2016-10-04 11:39:54.059 INFO  com.lawyer.xia.aop.LogAop Line:38  - IP : 0:0:0:0:0:0:0:1
===2016-10-04 11:39:54.059 INFO  com.lawyer.xia.aop.LogAop Line:39  - CLASS_METHOD : com.lawyer.xia.controllers.shiro.ShiroController.login
===2016-10-04 11:39:54.060 INFO  com.lawyer.xia.aop.LogAop Line:40  - ARGS : [SystemUser{userId=null, userName='test', passWord='123456', sysDepartment=null, roles=null, salt='null', state=null}, org.apache.shiro.web.servlet.ShiroHttpServletRequest@2c7258b7, org.springframework.validation.BeanPropertyBindingResult: 0 errors, {}]
===2016-10-04 11:39:54.061 INFO  com.lawyer.xia.controllers.shiro.ShiroController Line:57  - 对用户[test]进行登录验证..验证开始
===2016-10-04 11:39:54.160 INFO  com.lawyer.xia.controllers.shiro.ShiroController Line:59  - 对用户[test]进行登录验证..验证通过
===2016-10-04 11:39:54.161 INFO  com.lawyer.xia.controllers.shiro.ShiroController Line:93  - 用户[test]登录认证通过(这里可以进行一些认证通过后的一些系统参数初始化操作)
===2016-10-04 11:39:54.162 INFO  com.lawyer.xia.aop.LogAop Line:46  - RESPONSE : redirect:/index
===2016-10-04 11:39:54.219 INFO  com.lawyer.xia.aop.LogAop Line:36  - URL : http://localhost:8080/index
===2016-10-04 11:39:54.219 INFO  com.lawyer.xia.aop.LogAop Line:37  - HTTP_METHOD : GET
===2016-10-04 11:39:54.220 INFO  com.lawyer.xia.aop.LogAop Line:38  - IP : 0:0:0:0:0:0:0:1
===2016-10-04 11:39:54.220 INFO  com.lawyer.xia.aop.LogAop Line:39  - CLASS_METHOD : com.lawyer.xia.controllers.shiro.ShiroController.getUserList
===2016-10-04 11:39:54.221 INFO  com.lawyer.xia.aop.LogAop Line:40  - ARGS : [{}, org.apache.catalina.session.StandardSessionFacade@528495bc]
===2016-10-04 11:39:54.223 INFO  com.lawyer.xia.aop.LogAop Line:46  - RESPONSE : index
===2016-10-04 11:40:17.361 INFO  com.lawyer.xia.Application Line:48  - Starting Application on LINDENG-E17RD with PID 21292 (D:\MyProject\LawerXia\xia\target\classes started by lindeng in D:\MyProject\LawerXia\xia)
===2016-10-04 11:40:17.366 INFO  com.lawyer.xia.Application Line:659 - No active profile set, falling back to default profiles: default
===2016-10-04 11:40:23.640 INFO  org.apache.shiro.cache.ehcache.EhCacheManager Line:159 - Cache with name 'passWordRetryCache' does not yet exist.  Creating now.
===2016-10-04 11:40:23.643 INFO  org.apache.shiro.cache.ehcache.EhCacheManager Line:166 - Added EhCache named [passWordRetryCache]
===2016-10-04 11:40:24.318 INFO  com.alibaba.druid.pool.DruidDataSource Line:721 - {dataSource-1} inited
===2016-10-04 11:40:26.109 INFO  org.apache.shiro.cache.ehcache.EhCacheManager Line:159 - Cache with name 'com.lawyer.xia.shiro.ShiroRealmImpl.authorizationCache' does not yet exist.  Creating now.
===2016-10-04 11:40:26.110 INFO  org.apache.shiro.cache.ehcache.EhCacheManager Line:166 - Added EhCache named [com.lawyer.xia.shiro.ShiroRealmImpl.authorizationCache]
===2016-10-04 11:40:26.128 INFO  org.apache.shiro.cache.ehcache.EhCacheManager Line:159 - Cache with name 'shiro-kickout-session' does not yet exist.  Creating now.
===2016-10-04 11:40:26.129 INFO  org.apache.shiro.cache.ehcache.EhCacheManager Line:166 - Added EhCache named [shiro-kickout-session]
===2016-10-04 11:40:26.849 INFO  org.apache.catalina.core.StandardService Line:179 - Starting service Tomcat
===2016-10-04 11:40:26.851 INFO  org.apache.catalina.core.StandardEngine Line:179 - Starting Servlet Engine: Apache Tomcat/8.5.4
===2016-10-04 11:40:27.861 INFO  org.apache.jasper.servlet.TldScanner Line:179 - At least one JAR was scanned for TLDs yet contained no TLDs. Enable debug logging for this logger for a complete list of JARs that were scanned but no TLDs were found in them. Skipping unneeded JARs during scanning can improve startup time and JSP compilation time.
===2016-10-04 11:40:27.878 INFO  org.apache.catalina.core.ContainerBase.[Tomcat].[localhost].[/] Line:179 - Initializing Spring embedded WebApplicationContext
===2016-10-04 11:40:33.570 INFO  org.apache.coyote.http11.Http11NioProtocol Line:179 - Initializing ProtocolHandler ["http-nio-8080"]
===2016-10-04 11:40:33.897 INFO  org.apache.coyote.http11.Http11NioProtocol Line:179 - Starting ProtocolHandler [http-nio-8080]
===2016-10-04 11:40:33.913 INFO  org.apache.tomcat.util.net.NioSelectorPool Line:179 - Using a shared selector for servlet write/read
===2016-10-04 11:40:33.980 INFO  com.lawyer.xia.Application Line:57  - Started Application in 17.695 seconds (JVM running for 18.964)
===2016-10-04 11:40:42.085 INFO  org.apache.catalina.core.ContainerBase.[Tomcat].[localhost].[/] Line:179 - Initializing Spring FrameworkServlet 'dispatcherServlet'
===2016-10-04 11:40:42.273 INFO  com.lawyer.xia.aop.LogAop Line:36  - URL : http://localhost:8080/login
===2016-10-04 11:40:42.274 INFO  com.lawyer.xia.aop.LogAop Line:37  - HTTP_METHOD : GET
===2016-10-04 11:40:42.275 INFO  com.lawyer.xia.aop.LogAop Line:38  - IP : 0:0:0:0:0:0:0:1
===2016-10-04 11:40:42.277 INFO  com.lawyer.xia.aop.LogAop Line:39  - CLASS_METHOD : com.lawyer.xia.controllers.shiro.ShiroController.loginGet
===2016-10-04 11:40:42.279 INFO  com.lawyer.xia.aop.LogAop Line:40  - ARGS : []
===2016-10-04 11:40:42.286 INFO  com.lawyer.xia.aop.LogAop Line:46  - RESPONSE : login
===2016-10-04 11:40:42.324 INFO  org.thymeleaf.TemplateEngine Line:825 - [THYMELEAF] INITIALIZING TEMPLATE ENGINE
===2016-10-04 11:40:42.378 INFO  org.thymeleaf.templateresolver.AbstractTemplateResolver Line:99  - [THYMELEAF] INITIALIZING TEMPLATE RESOLVER: org.thymeleaf.spring4.templateresolver.SpringResourceTemplateResolver
===2016-10-04 11:40:42.378 INFO  org.thymeleaf.templateresolver.AbstractTemplateResolver Line:110 - [THYMELEAF] TEMPLATE RESOLVER INITIALIZED OK
===2016-10-04 11:40:42.379 INFO  org.thymeleaf.messageresolver.AbstractMessageResolver Line:72  - [THYMELEAF] INITIALIZING MESSAGE RESOLVER: org.thymeleaf.spring4.messageresolver.SpringMessageResolver
===2016-10-04 11:40:42.379 INFO  org.thymeleaf.messageresolver.AbstractMessageResolver Line:78  - [THYMELEAF] MESSAGE RESOLVER INITIALIZED OK
===2016-10-04 11:40:42.383 INFO  org.thymeleaf.TemplateEngine.CONFIG Line:123 - [THYMELEAF] TEMPLATE ENGINE CONFIGURATION:
[THYMELEAF] * Cache Factory implementation: org.thymeleaf.cache.StandardCacheManager
[THYMELEAF] * Template modes:
[THYMELEAF]     * LEGACYHTML5
[THYMELEAF]     * VALIDXHTML
[THYMELEAF]     * HTML5
[THYMELEAF]     * XHTML
[THYMELEAF]     * XML
[THYMELEAF]     * VALIDXML
[THYMELEAF] * Template resolvers (in order):
[THYMELEAF]     * org.thymeleaf.spring4.templateresolver.SpringResourceTemplateResolver
[THYMELEAF] * Message resolvers (in order):
[THYMELEAF]     * org.thymeleaf.spring4.messageresolver.SpringMessageResolver
[THYMELEAF] * Dialect [1 of 3]: org.thymeleaf.spring4.dialect.SpringStandardDialect
[THYMELEAF]     * Prefix: "th"
[THYMELEAF] * Dialect [2 of 3]: at.pollux.thymeleaf.shiro.dialect.ShiroDialect
[THYMELEAF]     * Prefix: "shiro"
[THYMELEAF] * Dialect [3 of 3]: nz.net.ultraq.thymeleaf.LayoutDialect
[THYMELEAF]     * Prefix: "layout"
[THYMELEAF] TEMPLATE ENGINE CONFIGURED OK
===2016-10-04 11:40:42.384 INFO  org.thymeleaf.TemplateEngine Line:838 - [THYMELEAF] TEMPLATE ENGINE INITIALIZED
===2016-10-04 11:40:51.121 INFO  com.lawyer.xia.aop.LogAop Line:36  - URL : http://localhost:8080/login
===2016-10-04 11:40:51.122 INFO  com.lawyer.xia.aop.LogAop Line:37  - HTTP_METHOD : POST
===2016-10-04 11:40:51.122 INFO  com.lawyer.xia.aop.LogAop Line:38  - IP : 0:0:0:0:0:0:0:1
===2016-10-04 11:40:51.123 INFO  com.lawyer.xia.aop.LogAop Line:39  - CLASS_METHOD : com.lawyer.xia.controllers.shiro.ShiroController.login
===2016-10-04 11:40:51.124 INFO  com.lawyer.xia.aop.LogAop Line:40  - ARGS : [SystemUser{userId=null, userName='test', passWord='123456', sysDepartment=null, roles=null, salt='null', state=null}, org.apache.shiro.web.servlet.ShiroHttpServletRequest@18712032, org.springframework.validation.BeanPropertyBindingResult: 0 errors, {}]
===2016-10-04 11:40:51.125 INFO  com.lawyer.xia.controllers.shiro.ShiroController Line:57  - 对用户[test]进行登录验证..验证开始
===2016-10-04 11:40:51.215 INFO  com.lawyer.xia.controllers.shiro.ShiroController Line:59  - 对用户[test]进行登录验证..验证通过
===2016-10-04 11:40:51.216 INFO  com.lawyer.xia.controllers.shiro.ShiroController Line:93  - 用户[test]登录认证通过(这里可以进行一些认证通过后的一些系统参数初始化操作)
===2016-10-04 11:40:51.216 INFO  com.lawyer.xia.aop.LogAop Line:46  - RESPONSE : redirect:/index
===2016-10-04 11:40:51.314 INFO  com.lawyer.xia.aop.LogAop Line:36  - URL : http://localhost:8080/index
===2016-10-04 11:40:51.315 INFO  com.lawyer.xia.aop.LogAop Line:37  - HTTP_METHOD : GET
===2016-10-04 11:40:51.316 INFO  com.lawyer.xia.aop.LogAop Line:38  - IP : 0:0:0:0:0:0:0:1
===2016-10-04 11:40:51.318 INFO  com.lawyer.xia.aop.LogAop Line:39  - CLASS_METHOD : com.lawyer.xia.controllers.shiro.ShiroController.getUserList
===2016-10-04 11:40:51.318 INFO  com.lawyer.xia.aop.LogAop Line:40  - ARGS : [{}, org.apache.catalina.session.StandardSessionFacade@2676a847]
===2016-10-04 11:40:51.320 INFO  com.lawyer.xia.aop.LogAop Line:46  - RESPONSE : index
===2016-10-04 11:41:02.958 INFO  com.lawyer.xia.aop.LogAop Line:36  - URL : http://localhost:8080/index
===2016-10-04 11:41:02.959 INFO  com.lawyer.xia.aop.LogAop Line:37  - HTTP_METHOD : GET
===2016-10-04 11:41:02.960 INFO  com.lawyer.xia.aop.LogAop Line:38  - IP : 0:0:0:0:0:0:0:1
===2016-10-04 11:41:02.960 INFO  com.lawyer.xia.aop.LogAop Line:39  - CLASS_METHOD : com.lawyer.xia.controllers.shiro.ShiroController.getUserList
===2016-10-04 11:41:02.961 INFO  com.lawyer.xia.aop.LogAop Line:40  - ARGS : [{}, org.apache.catalina.session.StandardSessionFacade@2676a847]
===2016-10-04 11:41:02.962 INFO  com.lawyer.xia.aop.LogAop Line:46  - RESPONSE : index
===2016-10-04 11:41:32.226 INFO  com.lawyer.xia.Application Line:48  - Starting Application on LINDENG-E17RD with PID 15604 (D:\MyProject\LawerXia\xia\target\classes started by lindeng in D:\MyProject\LawerXia\xia)
===2016-10-04 11:41:32.230 INFO  com.lawyer.xia.Application Line:659 - No active profile set, falling back to default profiles: default
===2016-10-04 11:41:38.200 INFO  org.apache.shiro.cache.ehcache.EhCacheManager Line:159 - Cache with name 'passWordRetryCache' does not yet exist.  Creating now.
===2016-10-04 11:41:38.203 INFO  org.apache.shiro.cache.ehcache.EhCacheManager Line:166 - Added EhCache named [passWordRetryCache]
===2016-10-04 11:41:38.961 INFO  com.alibaba.druid.pool.DruidDataSource Line:721 - {dataSource-1} inited
===2016-10-04 11:41:40.906 INFO  org.apache.shiro.cache.ehcache.EhCacheManager Line:159 - Cache with name 'com.lawyer.xia.shiro.ShiroRealmImpl.authorizationCache' does not yet exist.  Creating now.
===2016-10-04 11:41:40.907 INFO  org.apache.shiro.cache.ehcache.EhCacheManager Line:166 - Added EhCache named [com.lawyer.xia.shiro.ShiroRealmImpl.authorizationCache]
===2016-10-04 11:41:40.933 INFO  org.apache.shiro.cache.ehcache.EhCacheManager Line:159 - Cache with name 'shiro-kickout-session' does not yet exist.  Creating now.
===2016-10-04 11:41:40.935 INFO  org.apache.shiro.cache.ehcache.EhCacheManager Line:166 - Added EhCache named [shiro-kickout-session]
===2016-10-04 11:41:42.253 INFO  org.apache.catalina.core.StandardService Line:179 - Starting service Tomcat
===2016-10-04 11:41:42.255 INFO  org.apache.catalina.core.StandardEngine Line:179 - Starting Servlet Engine: Apache Tomcat/8.5.4
===2016-10-04 11:41:43.370 INFO  org.apache.jasper.servlet.TldScanner Line:179 - At least one JAR was scanned for TLDs yet contained no TLDs. Enable debug logging for this logger for a complete list of JARs that were scanned but no TLDs were found in them. Skipping unneeded JARs during scanning can improve startup time and JSP compilation time.
===2016-10-04 11:41:43.381 INFO  org.apache.catalina.core.ContainerBase.[Tomcat].[localhost].[/] Line:179 - Initializing Spring embedded WebApplicationContext
===2016-10-04 11:41:48.921 INFO  org.apache.coyote.http11.Http11NioProtocol Line:179 - Initializing ProtocolHandler ["http-nio-8080"]
===2016-10-04 11:41:49.337 INFO  org.apache.coyote.http11.Http11NioProtocol Line:179 - Starting ProtocolHandler [http-nio-8080]
===2016-10-04 11:41:49.363 INFO  org.apache.tomcat.util.net.NioSelectorPool Line:179 - Using a shared selector for servlet write/read
===2016-10-04 11:41:49.444 INFO  com.lawyer.xia.Application Line:57  - Started Application in 18.15 seconds (JVM running for 19.2)
===2016-10-04 11:41:52.852 INFO  org.apache.catalina.core.ContainerBase.[Tomcat].[localhost].[/] Line:179 - Initializing Spring FrameworkServlet 'dispatcherServlet'
===2016-10-04 11:41:53.122 INFO  com.lawyer.xia.aop.LogAop Line:36  - URL : http://localhost:8080/login
===2016-10-04 11:41:53.123 INFO  com.lawyer.xia.aop.LogAop Line:37  - HTTP_METHOD : GET
===2016-10-04 11:41:53.124 INFO  com.lawyer.xia.aop.LogAop Line:38  - IP : 0:0:0:0:0:0:0:1
===2016-10-04 11:41:53.128 INFO  com.lawyer.xia.aop.LogAop Line:39  - CLASS_METHOD : com.lawyer.xia.controllers.shiro.ShiroController.loginGet
===2016-10-04 11:41:53.129 INFO  com.lawyer.xia.aop.LogAop Line:40  - ARGS : []
===2016-10-04 11:41:53.138 INFO  com.lawyer.xia.aop.LogAop Line:46  - RESPONSE : login
===2016-10-04 11:41:53.204 INFO  org.thymeleaf.TemplateEngine Line:825 - [THYMELEAF] INITIALIZING TEMPLATE ENGINE
===2016-10-04 11:41:53.319 INFO  org.thymeleaf.templateresolver.AbstractTemplateResolver Line:99  - [THYMELEAF] INITIALIZING TEMPLATE RESOLVER: org.thymeleaf.spring4.templateresolver.SpringResourceTemplateResolver
===2016-10-04 11:41:53.320 INFO  org.thymeleaf.templateresolver.AbstractTemplateResolver Line:110 - [THYMELEAF] TEMPLATE RESOLVER INITIALIZED OK
===2016-10-04 11:41:53.321 INFO  org.thymeleaf.messageresolver.AbstractMessageResolver Line:72  - [THYMELEAF] INITIALIZING MESSAGE RESOLVER: org.thymeleaf.spring4.messageresolver.SpringMessageResolver
===2016-10-04 11:41:53.322 INFO  org.thymeleaf.messageresolver.AbstractMessageResolver Line:78  - [THYMELEAF] MESSAGE RESOLVER INITIALIZED OK
===2016-10-04 11:41:53.329 INFO  org.thymeleaf.TemplateEngine.CONFIG Line:123 - [THYMELEAF] TEMPLATE ENGINE CONFIGURATION:
[THYMELEAF] * Cache Factory implementation: org.thymeleaf.cache.StandardCacheManager
[THYMELEAF] * Template modes:
[THYMELEAF]     * XML
[THYMELEAF]     * LEGACYHTML5
[THYMELEAF]     * XHTML
[THYMELEAF]     * VALIDXML
[THYMELEAF]     * VALIDXHTML
[THYMELEAF]     * HTML5
[THYMELEAF] * Template resolvers (in order):
[THYMELEAF]     * org.thymeleaf.spring4.templateresolver.SpringResourceTemplateResolver
[THYMELEAF] * Message resolvers (in order):
[THYMELEAF]     * org.thymeleaf.spring4.messageresolver.SpringMessageResolver
[THYMELEAF] * Dialect [1 of 3]: org.thymeleaf.spring4.dialect.SpringStandardDialect
[THYMELEAF]     * Prefix: "th"
[THYMELEAF] * Dialect [2 of 3]: at.pollux.thymeleaf.shiro.dialect.ShiroDialect
[THYMELEAF]     * Prefix: "shiro"
[THYMELEAF] * Dialect [3 of 3]: nz.net.ultraq.thymeleaf.LayoutDialect
[THYMELEAF]     * Prefix: "layout"
[THYMELEAF] TEMPLATE ENGINE CONFIGURED OK
===2016-10-04 11:41:53.330 INFO  org.thymeleaf.TemplateEngine Line:838 - [THYMELEAF] TEMPLATE ENGINE INITIALIZED
===2016-10-04 11:41:59.454 INFO  com.lawyer.xia.aop.LogAop Line:36  - URL : http://localhost:8080/login
===2016-10-04 11:41:59.455 INFO  com.lawyer.xia.aop.LogAop Line:37  - HTTP_METHOD : POST
===2016-10-04 11:41:59.456 INFO  com.lawyer.xia.aop.LogAop Line:38  - IP : 0:0:0:0:0:0:0:1
===2016-10-04 11:41:59.456 INFO  com.lawyer.xia.aop.LogAop Line:39  - CLASS_METHOD : com.lawyer.xia.controllers.shiro.ShiroController.login
===2016-10-04 11:41:59.457 INFO  com.lawyer.xia.aop.LogAop Line:40  - ARGS : [SystemUser{userId=null, userName='test', passWord='123456', sysDepartment=null, roles=null, salt='null', state=null}, org.apache.shiro.web.servlet.ShiroHttpServletRequest@29bd9d6b, org.springframework.validation.BeanPropertyBindingResult: 0 errors, {}]
===2016-10-04 11:41:59.458 INFO  com.lawyer.xia.controllers.shiro.ShiroController Line:57  - 对用户[test]进行登录验证..验证开始
===2016-10-04 11:41:59.552 INFO  com.lawyer.xia.controllers.shiro.ShiroController Line:59  - 对用户[test]进行登录验证..验证通过
===2016-10-04 11:41:59.553 INFO  com.lawyer.xia.controllers.shiro.ShiroController Line:93  - 用户[test]登录认证通过(这里可以进行一些认证通过后的一些系统参数初始化操作)
===2016-10-04 11:41:59.554 INFO  com.lawyer.xia.aop.LogAop Line:46  - RESPONSE : redirect:/index
===2016-10-04 11:41:59.612 INFO  com.lawyer.xia.aop.LogAop Line:36  - URL : http://localhost:8080/index
===2016-10-04 11:41:59.612 INFO  com.lawyer.xia.aop.LogAop Line:37  - HTTP_METHOD : GET
===2016-10-04 11:41:59.613 INFO  com.lawyer.xia.aop.LogAop Line:38  - IP : 0:0:0:0:0:0:0:1
===2016-10-04 11:41:59.614 INFO  com.lawyer.xia.aop.LogAop Line:39  - CLASS_METHOD : com.lawyer.xia.controllers.shiro.ShiroController.getUserList
===2016-10-04 11:41:59.614 INFO  com.lawyer.xia.aop.LogAop Line:40  - ARGS : [{}, org.apache.catalina.session.StandardSessionFacade@528495bc]
===2016-10-04 11:41:59.616 INFO  com.lawyer.xia.aop.LogAop Line:46  - RESPONSE : index
===2016-10-04 11:43:17.008 INFO  com.lawyer.xia.aop.LogAop Line:36  - URL : http://localhost:8080/index
===2016-10-04 11:43:17.037 INFO  com.lawyer.xia.aop.LogAop Line:37  - HTTP_METHOD : GET
===2016-10-04 11:43:17.038 INFO  com.lawyer.xia.aop.LogAop Line:38  - IP : 0:0:0:0:0:0:0:1
===2016-10-04 11:43:17.039 INFO  com.lawyer.xia.aop.LogAop Line:39  - CLASS_METHOD : com.lawyer.xia.controllers.shiro.ShiroController.getUserList
===2016-10-04 11:43:17.039 INFO  com.lawyer.xia.aop.LogAop Line:40  - ARGS : [{}, org.apache.catalina.session.StandardSessionFacade@528495bc]
===2016-10-04 11:43:17.043 INFO  com.lawyer.xia.aop.LogAop Line:46  - RESPONSE : index
===2016-10-04 11:43:37.210 INFO  com.lawyer.xia.aop.LogAop Line:36  - URL : http://localhost:8080/login
===2016-10-04 11:43:37.211 INFO  com.lawyer.xia.aop.LogAop Line:37  - HTTP_METHOD : GET
===2016-10-04 11:43:37.212 INFO  com.lawyer.xia.aop.LogAop Line:38  - IP : 0:0:0:0:0:0:0:1
===2016-10-04 11:43:37.212 INFO  com.lawyer.xia.aop.LogAop Line:39  - CLASS_METHOD : com.lawyer.xia.controllers.shiro.ShiroController.loginGet
===2016-10-04 11:43:37.213 INFO  com.lawyer.xia.aop.LogAop Line:40  - ARGS : []
===2016-10-04 11:43:37.216 INFO  com.lawyer.xia.aop.LogAop Line:46  - RESPONSE : login
===2016-10-04 11:43:42.538 INFO  com.lawyer.xia.aop.LogAop Line:36  - URL : http://localhost:8080/login
===2016-10-04 11:43:42.540 INFO  com.lawyer.xia.aop.LogAop Line:37  - HTTP_METHOD : POST
===2016-10-04 11:43:42.541 INFO  com.lawyer.xia.aop.LogAop Line:38  - IP : 0:0:0:0:0:0:0:1
===2016-10-04 11:43:42.541 INFO  com.lawyer.xia.aop.LogAop Line:39  - CLASS_METHOD : com.lawyer.xia.controllers.shiro.ShiroController.login
===2016-10-04 11:43:42.542 INFO  com.lawyer.xia.aop.LogAop Line:40  - ARGS : [SystemUser{userId=null, userName='test', passWord='123456', sysDepartment=null, roles=null, salt='null', state=null}, org.apache.shiro.web.servlet.ShiroHttpServletRequest@7f746419, org.springframework.validation.BeanPropertyBindingResult: 0 errors, {}]
===2016-10-04 11:43:42.542 INFO  com.lawyer.xia.controllers.shiro.ShiroController Line:57  - 对用户[test]进行登录验证..验证开始
===2016-10-04 11:43:42.560 INFO  com.lawyer.xia.controllers.shiro.ShiroController Line:59  - 对用户[test]进行登录验证..验证通过
===2016-10-04 11:43:42.561 INFO  com.lawyer.xia.controllers.shiro.ShiroController Line:93  - 用户[test]登录认证通过(这里可以进行一些认证通过后的一些系统参数初始化操作)
===2016-10-04 11:43:42.562 INFO  com.lawyer.xia.aop.LogAop Line:46  - RESPONSE : redirect:/index
===2016-10-04 11:43:42.572 INFO  com.lawyer.xia.aop.LogAop Line:36  - URL : http://localhost:8080/index
===2016-10-04 11:43:42.572 INFO  com.lawyer.xia.aop.LogAop Line:37  - HTTP_METHOD : GET
===2016-10-04 11:43:42.573 INFO  com.lawyer.xia.aop.LogAop Line:38  - IP : 0:0:0:0:0:0:0:1
===2016-10-04 11:43:42.574 INFO  com.lawyer.xia.aop.LogAop Line:39  - CLASS_METHOD : com.lawyer.xia.controllers.shiro.ShiroController.getUserList
===2016-10-04 11:43:42.575 INFO  com.lawyer.xia.aop.LogAop Line:40  - ARGS : [{}, org.apache.catalina.session.StandardSessionFacade@44b757b4]
===2016-10-04 11:43:42.575 INFO  com.lawyer.xia.aop.LogAop Line:46  - RESPONSE : index
===2016-10-04 12:28:17.059 INFO  com.lawyer.xia.Application Line:48  - Starting Application on LINDENG-E17RD with PID 11828 (D:\MyProject\LawerXia\xia\target\classes started by lindeng in D:\MyProject\LawerXia\xia)
===2016-10-04 12:28:17.063 INFO  com.lawyer.xia.Application Line:659 - No active profile set, falling back to default profiles: default
===2016-10-04 12:28:23.141 INFO  org.apache.shiro.cache.ehcache.EhCacheManager Line:159 - Cache with name 'passWordRetryCache' does not yet exist.  Creating now.
===2016-10-04 12:28:23.145 INFO  org.apache.shiro.cache.ehcache.EhCacheManager Line:166 - Added EhCache named [passWordRetryCache]
===2016-10-04 12:28:24.097 INFO  com.alibaba.druid.pool.DruidDataSource Line:721 - {dataSource-1} inited
===2016-10-04 12:28:26.462 INFO  org.apache.shiro.cache.ehcache.EhCacheManager Line:159 - Cache with name 'com.lawyer.xia.shiro.ShiroRealmImpl.authorizationCache' does not yet exist.  Creating now.
===2016-10-04 12:28:26.464 INFO  org.apache.shiro.cache.ehcache.EhCacheManager Line:166 - Added EhCache named [com.lawyer.xia.shiro.ShiroRealmImpl.authorizationCache]
===2016-10-04 12:28:26.486 INFO  org.apache.shiro.cache.ehcache.EhCacheManager Line:159 - Cache with name 'shiro-kickout-session' does not yet exist.  Creating now.
===2016-10-04 12:28:26.487 INFO  org.apache.shiro.cache.ehcache.EhCacheManager Line:166 - Added EhCache named [shiro-kickout-session]
===2016-10-04 12:28:27.277 INFO  org.apache.catalina.core.StandardService Line:179 - Starting service Tomcat
===2016-10-04 12:28:27.279 INFO  org.apache.catalina.core.StandardEngine Line:179 - Starting Servlet Engine: Apache Tomcat/8.5.4
===2016-10-04 12:28:27.972 INFO  org.apache.jasper.servlet.TldScanner Line:179 - At least one JAR was scanned for TLDs yet contained no TLDs. Enable debug logging for this logger for a complete list of JARs that were scanned but no TLDs were found in them. Skipping unneeded JARs during scanning can improve startup time and JSP compilation time.
===2016-10-04 12:28:27.979 INFO  org.apache.catalina.core.ContainerBase.[Tomcat].[localhost].[/] Line:179 - Initializing Spring embedded WebApplicationContext
===2016-10-04 12:28:33.573 INFO  org.apache.coyote.http11.Http11NioProtocol Line:179 - Initializing ProtocolHandler ["http-nio-8080"]
===2016-10-04 12:28:33.587 INFO  org.apache.coyote.http11.Http11NioProtocol Line:179 - Starting ProtocolHandler [http-nio-8080]
===2016-10-04 12:28:33.613 INFO  org.apache.tomcat.util.net.NioSelectorPool Line:179 - Using a shared selector for servlet write/read
===2016-10-04 12:28:33.700 INFO  com.lawyer.xia.Application Line:57  - Started Application in 17.477 seconds (JVM running for 19.967)
===2016-10-04 12:28:41.690 INFO  org.apache.catalina.core.ContainerBase.[Tomcat].[localhost].[/] Line:179 - Initializing Spring FrameworkServlet 'dispatcherServlet'
===2016-10-04 12:28:42.012 INFO  com.lawyer.xia.aop.LogAop Line:36  - URL : http://localhost:8080/login
===2016-10-04 12:28:42.013 INFO  com.lawyer.xia.aop.LogAop Line:37  - HTTP_METHOD : GET
===2016-10-04 12:28:42.014 INFO  com.lawyer.xia.aop.LogAop Line:38  - IP : 0:0:0:0:0:0:0:1
===2016-10-04 12:28:42.017 INFO  com.lawyer.xia.aop.LogAop Line:39  - CLASS_METHOD : com.lawyer.xia.controllers.shiro.ShiroController.loginGet
===2016-10-04 12:28:42.018 INFO  com.lawyer.xia.aop.LogAop Line:40  - ARGS : []
===2016-10-04 12:28:42.027 INFO  com.lawyer.xia.aop.LogAop Line:46  - RESPONSE : login
===2016-10-04 12:28:42.076 INFO  org.thymeleaf.TemplateEngine Line:825 - [THYMELEAF] INITIALIZING TEMPLATE ENGINE
===2016-10-04 12:28:42.176 INFO  org.thymeleaf.templateresolver.AbstractTemplateResolver Line:99  - [THYMELEAF] INITIALIZING TEMPLATE RESOLVER: org.thymeleaf.spring4.templateresolver.SpringResourceTemplateResolver
===2016-10-04 12:28:42.177 INFO  org.thymeleaf.templateresolver.AbstractTemplateResolver Line:110 - [THYMELEAF] TEMPLATE RESOLVER INITIALIZED OK
===2016-10-04 12:28:42.177 INFO  org.thymeleaf.messageresolver.AbstractMessageResolver Line:72  - [THYMELEAF] INITIALIZING MESSAGE RESOLVER: org.thymeleaf.spring4.messageresolver.SpringMessageResolver
===2016-10-04 12:28:42.178 INFO  org.thymeleaf.messageresolver.AbstractMessageResolver Line:78  - [THYMELEAF] MESSAGE RESOLVER INITIALIZED OK
===2016-10-04 12:28:42.183 INFO  org.thymeleaf.TemplateEngine.CONFIG Line:123 - [THYMELEAF] TEMPLATE ENGINE CONFIGURATION:
[THYMELEAF] * Cache Factory implementation: org.thymeleaf.cache.StandardCacheManager
[THYMELEAF] * Template modes:
[THYMELEAF]     * LEGACYHTML5
[THYMELEAF]     * XML
[THYMELEAF]     * VALIDXML
[THYMELEAF]     * XHTML
[THYMELEAF]     * HTML5
[THYMELEAF]     * VALIDXHTML
[THYMELEAF] * Template resolvers (in order):
[THYMELEAF]     * org.thymeleaf.spring4.templateresolver.SpringResourceTemplateResolver
[THYMELEAF] * Message resolvers (in order):
[THYMELEAF]     * org.thymeleaf.spring4.messageresolver.SpringMessageResolver
[THYMELEAF] * Dialect [1 of 3]: org.thymeleaf.spring4.dialect.SpringStandardDialect
[THYMELEAF]     * Prefix: "th"
[THYMELEAF] * Dialect [2 of 3]: at.pollux.thymeleaf.shiro.dialect.ShiroDialect
[THYMELEAF]     * Prefix: "shiro"
[THYMELEAF] * Dialect [3 of 3]: nz.net.ultraq.thymeleaf.LayoutDialect
[THYMELEAF]     * Prefix: "layout"
[THYMELEAF] TEMPLATE ENGINE CONFIGURED OK
===2016-10-04 12:28:42.184 INFO  org.thymeleaf.TemplateEngine Line:838 - [THYMELEAF] TEMPLATE ENGINE INITIALIZED
===2016-10-04 12:28:48.080 INFO  com.lawyer.xia.aop.LogAop Line:36  - URL : http://localhost:8080/login
===2016-10-04 12:28:48.081 INFO  com.lawyer.xia.aop.LogAop Line:37  - HTTP_METHOD : POST
===2016-10-04 12:28:48.082 INFO  com.lawyer.xia.aop.LogAop Line:38  - IP : 0:0:0:0:0:0:0:1
===2016-10-04 12:28:48.082 INFO  com.lawyer.xia.aop.LogAop Line:39  - CLASS_METHOD : com.lawyer.xia.controllers.shiro.ShiroController.login
===2016-10-04 12:28:48.083 INFO  com.lawyer.xia.aop.LogAop Line:40  - ARGS : [SystemUser{userId=null, userName='test', passWord='123456', sysDepartment=null, roles=null, salt='null', state=null}, org.apache.shiro.web.servlet.ShiroHttpServletRequest@7b89cd9c, org.springframework.validation.BeanPropertyBindingResult: 0 errors, {}]
===2016-10-04 12:28:48.084 INFO  com.lawyer.xia.controllers.shiro.ShiroController Line:57  - 对用户[test]进行登录验证..验证开始
===2016-10-04 12:28:48.235 INFO  com.lawyer.xia.controllers.shiro.ShiroController Line:59  - 对用户[test]进行登录验证..验证通过
===2016-10-04 12:28:48.235 INFO  com.lawyer.xia.controllers.shiro.ShiroController Line:93  - 用户[test]登录认证通过(这里可以进行一些认证通过后的一些系统参数初始化操作)
===2016-10-04 12:28:48.236 INFO  com.lawyer.xia.aop.LogAop Line:46  - RESPONSE : redirect:/index
===2016-10-04 12:28:48.452 INFO  com.lawyer.xia.aop.LogAop Line:36  - URL : http://localhost:8080/index
===2016-10-04 12:28:48.453 INFO  com.lawyer.xia.aop.LogAop Line:37  - HTTP_METHOD : GET
===2016-10-04 12:28:48.455 INFO  com.lawyer.xia.aop.LogAop Line:38  - IP : 0:0:0:0:0:0:0:1
===2016-10-04 12:28:48.455 INFO  com.lawyer.xia.aop.LogAop Line:39  - CLASS_METHOD : com.lawyer.xia.controllers.shiro.ShiroController.getUserList
===2016-10-04 12:28:48.456 INFO  com.lawyer.xia.aop.LogAop Line:40  - ARGS : [{}, org.apache.catalina.session.StandardSessionFacade@1ae614c4]
===2016-10-04 12:28:48.458 INFO  com.lawyer.xia.aop.LogAop Line:46  - RESPONSE : index
===2016-10-04 17:16:46.209 INFO  com.lawyer.xia.Application Line:48  - Starting Application on LINDENG-E17RD with PID 568 (D:\MyProject\LawerXia\xia\target\classes started by lindeng in D:\MyProject\LawerXia\xia)
===2016-10-04 17:16:46.214 INFO  com.lawyer.xia.Application Line:659 - No active profile set, falling back to default profiles: default
===2016-10-04 17:16:53.213 INFO  org.apache.shiro.cache.ehcache.EhCacheManager Line:159 - Cache with name 'passWordRetryCache' does not yet exist.  Creating now.
===2016-10-04 17:16:53.216 INFO  org.apache.shiro.cache.ehcache.EhCacheManager Line:166 - Added EhCache named [passWordRetryCache]
===2016-10-04 17:16:55.847 INFO  com.alibaba.druid.pool.DruidDataSource Line:721 - {dataSource-1} inited
===2016-10-04 17:17:52.283 INFO  com.lawyer.xia.Application Line:48  - Starting Application on LINDENG-E17RD with PID 4188 (D:\MyProject\LawerXia\xia\target\classes started by lindeng in D:\MyProject\LawerXia\xia)
===2016-10-04 17:17:52.287 INFO  com.lawyer.xia.Application Line:659 - No active profile set, falling back to default profiles: default
===2016-10-04 17:17:58.596 INFO  org.apache.shiro.cache.ehcache.EhCacheManager Line:159 - Cache with name 'passWordRetryCache' does not yet exist.  Creating now.
===2016-10-04 17:17:58.599 INFO  org.apache.shiro.cache.ehcache.EhCacheManager Line:166 - Added EhCache named [passWordRetryCache]
===2016-10-04 17:18:01.032 INFO  com.alibaba.druid.pool.DruidDataSource Line:721 - {dataSource-1} inited
===2016-10-04 17:19:51.629 INFO  com.lawyer.xia.Application Line:48  - Starting Application on LINDENG-E17RD with PID 7000 (D:\MyProject\LawerXia\xia\target\classes started by lindeng in D:\MyProject\LawerXia\xia)
===2016-10-04 17:19:51.635 INFO  com.lawyer.xia.Application Line:659 - No active profile set, falling back to default profiles: default
===2016-10-04 17:19:57.053 INFO  org.apache.shiro.cache.ehcache.EhCacheManager Line:159 - Cache with name 'passWordRetryCache' does not yet exist.  Creating now.
===2016-10-04 17:19:57.056 INFO  org.apache.shiro.cache.ehcache.EhCacheManager Line:166 - Added EhCache named [passWordRetryCache]
===2016-10-04 17:19:57.750 INFO  com.alibaba.druid.pool.DruidDataSource Line:721 - {dataSource-1} inited
===2016-10-04 17:19:59.796 INFO  org.apache.shiro.cache.ehcache.EhCacheManager Line:159 - Cache with name 'com.lawyer.xia.shiro.ShiroRealmImpl.authorizationCache' does not yet exist.  Creating now.
===2016-10-04 17:19:59.797 INFO  org.apache.shiro.cache.ehcache.EhCacheManager Line:166 - Added EhCache named [com.lawyer.xia.shiro.ShiroRealmImpl.authorizationCache]
===2016-10-04 17:19:59.827 INFO  org.apache.shiro.cache.ehcache.EhCacheManager Line:159 - Cache with name 'shiro-kickout-session' does not yet exist.  Creating now.
===2016-10-04 17:19:59.828 INFO  org.apache.shiro.cache.ehcache.EhCacheManager Line:166 - Added EhCache named [shiro-kickout-session]
===2016-10-04 17:20:01.011 INFO  org.apache.catalina.core.StandardService Line:179 - Starting service Tomcat
===2016-10-04 17:20:01.012 INFO  org.apache.catalina.core.StandardEngine Line:179 - Starting Servlet Engine: Apache Tomcat/8.5.4
===2016-10-04 17:20:02.096 INFO  org.apache.jasper.servlet.TldScanner Line:179 - At least one JAR was scanned for TLDs yet contained no TLDs. Enable debug logging for this logger for a complete list of JARs that were scanned but no TLDs were found in them. Skipping unneeded JARs during scanning can improve startup time and JSP compilation time.
===2016-10-04 17:20:02.110 INFO  org.apache.catalina.core.ContainerBase.[Tomcat].[localhost].[/] Line:179 - Initializing Spring embedded WebApplicationContext
===2016-10-04 17:20:09.334 INFO  org.apache.coyote.http11.Http11NioProtocol Line:179 - Initializing ProtocolHandler ["http-nio-8080"]
===2016-10-04 17:20:09.350 INFO  org.apache.coyote.http11.Http11NioProtocol Line:179 - Starting ProtocolHandler [http-nio-8080]
===2016-10-04 17:20:09.366 INFO  org.apache.tomcat.util.net.NioSelectorPool Line:179 - Using a shared selector for servlet write/read
===2016-10-04 17:20:09.477 INFO  com.lawyer.xia.Application Line:57  - Started Application in 19.012 seconds (JVM running for 20.307)
===2016-10-04 17:20:22.942 INFO  org.apache.catalina.core.ContainerBase.[Tomcat].[localhost].[/] Line:179 - Initializing Spring FrameworkServlet 'dispatcherServlet'
===2016-10-04 17:20:23.085 INFO  com.lawyer.xia.aop.LogAop Line:36  - URL : http://localhost:8080/login
===2016-10-04 17:20:23.086 INFO  com.lawyer.xia.aop.LogAop Line:37  - HTTP_METHOD : GET
===2016-10-04 17:20:23.087 INFO  com.lawyer.xia.aop.LogAop Line:38  - IP : 0:0:0:0:0:0:0:1
===2016-10-04 17:20:23.090 INFO  com.lawyer.xia.aop.LogAop Line:39  - CLASS_METHOD : com.lawyer.xia.controllers.shiro.ShiroController.loginGet
===2016-10-04 17:20:23.091 INFO  com.lawyer.xia.aop.LogAop Line:40  - ARGS : []
===2016-10-04 17:20:23.099 INFO  com.lawyer.xia.aop.LogAop Line:46  - RESPONSE : login
===2016-10-04 17:20:23.150 INFO  org.thymeleaf.TemplateEngine Line:825 - [THYMELEAF] INITIALIZING TEMPLATE ENGINE
===2016-10-04 17:20:23.269 INFO  org.thymeleaf.templateresolver.AbstractTemplateResolver Line:99  - [THYMELEAF] INITIALIZING TEMPLATE RESOLVER: org.thymeleaf.spring4.templateresolver.SpringResourceTemplateResolver
===2016-10-04 17:20:23.269 INFO  org.thymeleaf.templateresolver.AbstractTemplateResolver Line:110 - [THYMELEAF] TEMPLATE RESOLVER INITIALIZED OK
===2016-10-04 17:20:23.270 INFO  org.thymeleaf.messageresolver.AbstractMessageResolver Line:72  - [THYMELEAF] INITIALIZING MESSAGE RESOLVER: org.thymeleaf.spring4.messageresolver.SpringMessageResolver
===2016-10-04 17:20:23.270 INFO  org.thymeleaf.messageresolver.AbstractMessageResolver Line:78  - [THYMELEAF] MESSAGE RESOLVER INITIALIZED OK
===2016-10-04 17:20:23.285 INFO  org.thymeleaf.TemplateEngine.CONFIG Line:123 - [THYMELEAF] TEMPLATE ENGINE CONFIGURATION:
[THYMELEAF] * Cache Factory implementation: org.thymeleaf.cache.StandardCacheManager
[THYMELEAF] * Template modes:
[THYMELEAF]     * VALIDXML
[THYMELEAF]     * XHTML
[THYMELEAF]     * XML
[THYMELEAF]     * HTML5
[THYMELEAF]     * VALIDXHTML
[THYMELEAF]     * LEGACYHTML5
[THYMELEAF] * Template resolvers (in order):
[THYMELEAF]     * org.thymeleaf.spring4.templateresolver.SpringResourceTemplateResolver
[THYMELEAF] * Message resolvers (in order):
[THYMELEAF]     * org.thymeleaf.spring4.messageresolver.SpringMessageResolver
[THYMELEAF] * Dialect [1 of 3]: org.thymeleaf.spring4.dialect.SpringStandardDialect
[THYMELEAF]     * Prefix: "th"
[THYMELEAF] * Dialect [2 of 3]: at.pollux.thymeleaf.shiro.dialect.ShiroDialect
[THYMELEAF]     * Prefix: "shiro"
[THYMELEAF] * Dialect [3 of 3]: nz.net.ultraq.thymeleaf.LayoutDialect
[THYMELEAF]     * Prefix: "layout"
[THYMELEAF] TEMPLATE ENGINE CONFIGURED OK
===2016-10-04 17:20:23.286 INFO  org.thymeleaf.TemplateEngine Line:838 - [THYMELEAF] TEMPLATE ENGINE INITIALIZED
===2016-10-04 17:20:42.769 INFO  com.lawyer.xia.aop.LogAop Line:36  - URL : http://localhost:8080/login
===2016-10-04 17:20:42.770 INFO  com.lawyer.xia.aop.LogAop Line:37  - HTTP_METHOD : POST
===2016-10-04 17:20:42.771 INFO  com.lawyer.xia.aop.LogAop Line:38  - IP : 0:0:0:0:0:0:0:1
===2016-10-04 17:20:42.771 INFO  com.lawyer.xia.aop.LogAop Line:39  - CLASS_METHOD : com.lawyer.xia.controllers.shiro.ShiroController.login
===2016-10-04 17:20:42.772 INFO  com.lawyer.xia.aop.LogAop Line:40  - ARGS : [SystemUser{userId=null, userName='test', passWord='123456', sysDepartment=null, roles=null, salt='null', state=null}, org.apache.shiro.web.servlet.ShiroHttpServletRequest@a3e45de, org.springframework.validation.BeanPropertyBindingResult: 0 errors, {}]
===2016-10-04 17:20:42.773 INFO  com.lawyer.xia.controllers.shiro.ShiroController Line:57  - 对用户[test]进行登录验证..验证开始
===2016-10-04 17:20:42.941 INFO  com.lawyer.xia.controllers.shiro.ShiroController Line:59  - 对用户[test]进行登录验证..验证通过
===2016-10-04 17:20:42.942 INFO  com.lawyer.xia.controllers.shiro.ShiroController Line:93  - 用户[test]登录认证通过(这里可以进行一些认证通过后的一些系统参数初始化操作)
===2016-10-04 17:20:42.943 INFO  com.lawyer.xia.aop.LogAop Line:46  - RESPONSE : redirect:/index
===2016-10-04 17:20:43.051 INFO  com.lawyer.xia.aop.LogAop Line:36  - URL : http://localhost:8080/index;jsessionid=F397A53B5739BC261884B7289DB7E158
===2016-10-04 17:20:43.052 INFO  com.lawyer.xia.aop.LogAop Line:37  - HTTP_METHOD : GET
===2016-10-04 17:20:43.053 INFO  com.lawyer.xia.aop.LogAop Line:38  - IP : 0:0:0:0:0:0:0:1
===2016-10-04 17:20:43.053 INFO  com.lawyer.xia.aop.LogAop Line:39  - CLASS_METHOD : com.lawyer.xia.controllers.shiro.ShiroController.getUserList
===2016-10-04 17:20:43.053 INFO  com.lawyer.xia.aop.LogAop Line:40  - ARGS : [{}, org.apache.catalina.session.StandardSessionFacade@5c56bdb6]
===2016-10-04 17:20:43.055 INFO  com.lawyer.xia.aop.LogAop Line:46  - RESPONSE : index
===2016-10-04 17:21:50.193 INFO  com.lawyer.xia.Application Line:48  - Starting Application on LINDENG-E17RD with PID 19028 (D:\MyProject\LawerXia\xia\target\classes started by lindeng in D:\MyProject\LawerXia\xia)
===2016-10-04 17:21:50.197 INFO  com.lawyer.xia.Application Line:659 - No active profile set, falling back to default profiles: default
===2016-10-04 17:21:56.224 INFO  org.apache.shiro.cache.ehcache.EhCacheManager Line:159 - Cache with name 'passWordRetryCache' does not yet exist.  Creating now.
===2016-10-04 17:21:56.226 INFO  org.apache.shiro.cache.ehcache.EhCacheManager Line:166 - Added EhCache named [passWordRetryCache]
===2016-10-04 17:21:56.753 INFO  com.alibaba.druid.pool.DruidDataSource Line:721 - {dataSource-1} inited
===2016-10-04 17:21:58.398 INFO  org.apache.shiro.cache.ehcache.EhCacheManager Line:159 - Cache with name 'com.lawyer.xia.shiro.ShiroRealmImpl.authorizationCache' does not yet exist.  Creating now.
===2016-10-04 17:21:58.399 INFO  org.apache.shiro.cache.ehcache.EhCacheManager Line:166 - Added EhCache named [com.lawyer.xia.shiro.ShiroRealmImpl.authorizationCache]
===2016-10-04 17:21:58.419 INFO  org.apache.shiro.cache.ehcache.EhCacheManager Line:159 - Cache with name 'shiro-kickout-session' does not yet exist.  Creating now.
===2016-10-04 17:21:58.420 INFO  org.apache.shiro.cache.ehcache.EhCacheManager Line:166 - Added EhCache named [shiro-kickout-session]
===2016-10-04 17:21:59.196 INFO  org.apache.catalina.core.StandardService Line:179 - Starting service Tomcat
===2016-10-04 17:21:59.198 INFO  org.apache.catalina.core.StandardEngine Line:179 - Starting Servlet Engine: Apache Tomcat/8.5.4
===2016-10-04 17:22:00.099 INFO  org.apache.jasper.servlet.TldScanner Line:179 - At least one JAR was scanned for TLDs yet contained no TLDs. Enable debug logging for this logger for a complete list of JARs that were scanned but no TLDs were found in them. Skipping unneeded JARs during scanning can improve startup time and JSP compilation time.
===2016-10-04 17:22:00.110 INFO  org.apache.catalina.core.ContainerBase.[Tomcat].[localhost].[/] Line:179 - Initializing Spring embedded WebApplicationContext
===2016-10-04 17:22:05.552 INFO  org.apache.coyote.http11.Http11NioProtocol Line:179 - Initializing ProtocolHandler ["http-nio-8080"]
===2016-10-04 17:22:05.963 INFO  org.apache.coyote.http11.Http11NioProtocol Line:179 - Starting ProtocolHandler [http-nio-8080]
===2016-10-04 17:22:05.980 INFO  org.apache.tomcat.util.net.NioSelectorPool Line:179 - Using a shared selector for servlet write/read
===2016-10-04 17:22:06.072 INFO  com.lawyer.xia.Application Line:57  - Started Application in 16.705 seconds (JVM running for 17.591)
===2016-10-04 17:22:30.054 INFO  org.apache.catalina.core.ContainerBase.[Tomcat].[localhost].[/] Line:179 - Initializing Spring FrameworkServlet 'dispatcherServlet'
===2016-10-04 17:22:30.248 INFO  com.lawyer.xia.aop.LogAop Line:36  - URL : http://localhost:8080/login
===2016-10-04 17:22:30.248 INFO  com.lawyer.xia.aop.LogAop Line:37  - HTTP_METHOD : GET
===2016-10-04 17:22:30.249 INFO  com.lawyer.xia.aop.LogAop Line:38  - IP : 0:0:0:0:0:0:0:1
===2016-10-04 17:22:30.252 INFO  com.lawyer.xia.aop.LogAop Line:39  - CLASS_METHOD : com.lawyer.xia.controllers.shiro.ShiroController.loginGet
===2016-10-04 17:22:30.253 INFO  com.lawyer.xia.aop.LogAop Line:40  - ARGS : []
===2016-10-04 17:22:30.266 INFO  com.lawyer.xia.aop.LogAop Line:46  - RESPONSE : login
===2016-10-04 17:22:30.328 INFO  org.thymeleaf.TemplateEngine Line:825 - [THYMELEAF] INITIALIZING TEMPLATE ENGINE
===2016-10-04 17:22:30.397 INFO  org.thymeleaf.templateresolver.AbstractTemplateResolver Line:99  - [THYMELEAF] INITIALIZING TEMPLATE RESOLVER: org.thymeleaf.spring4.templateresolver.SpringResourceTemplateResolver
===2016-10-04 17:22:30.398 INFO  org.thymeleaf.templateresolver.AbstractTemplateResolver Line:110 - [THYMELEAF] TEMPLATE RESOLVER INITIALIZED OK
===2016-10-04 17:22:30.398 INFO  org.thymeleaf.messageresolver.AbstractMessageResolver Line:72  - [THYMELEAF] INITIALIZING MESSAGE RESOLVER: org.thymeleaf.spring4.messageresolver.SpringMessageResolver
===2016-10-04 17:22:30.399 INFO  org.thymeleaf.messageresolver.AbstractMessageResolver Line:78  - [THYMELEAF] MESSAGE RESOLVER INITIALIZED OK
===2016-10-04 17:22:30.408 INFO  org.thymeleaf.TemplateEngine.CONFIG Line:123 - [THYMELEAF] TEMPLATE ENGINE CONFIGURATION:
[THYMELEAF] * Cache Factory implementation: org.thymeleaf.cache.StandardCacheManager
[THYMELEAF] * Template modes:
[THYMELEAF]     * VALIDXHTML
[THYMELEAF]     * VALIDXML
[THYMELEAF]     * HTML5
[THYMELEAF]     * LEGACYHTML5
[THYMELEAF]     * XHTML
[THYMELEAF]     * XML
[THYMELEAF] * Template resolvers (in order):
[THYMELEAF]     * org.thymeleaf.spring4.templateresolver.SpringResourceTemplateResolver
[THYMELEAF] * Message resolvers (in order):
[THYMELEAF]     * org.thymeleaf.spring4.messageresolver.SpringMessageResolver
[THYMELEAF] * Dialect [1 of 3]: org.thymeleaf.spring4.dialect.SpringStandardDialect
[THYMELEAF]     * Prefix: "th"
[THYMELEAF] * Dialect [2 of 3]: at.pollux.thymeleaf.shiro.dialect.ShiroDialect
[THYMELEAF]     * Prefix: "shiro"
[THYMELEAF] * Dialect [3 of 3]: nz.net.ultraq.thymeleaf.LayoutDialect
[THYMELEAF]     * Prefix: "layout"
[THYMELEAF] TEMPLATE ENGINE CONFIGURED OK
===2016-10-04 17:22:30.408 INFO  org.thymeleaf.TemplateEngine Line:838 - [THYMELEAF] TEMPLATE ENGINE INITIALIZED
===2016-10-04 17:22:40.051 INFO  com.lawyer.xia.aop.LogAop Line:36  - URL : http://localhost:8080/login
===2016-10-04 17:22:40.052 INFO  com.lawyer.xia.aop.LogAop Line:37  - HTTP_METHOD : POST
===2016-10-04 17:22:40.053 INFO  com.lawyer.xia.aop.LogAop Line:38  - IP : 0:0:0:0:0:0:0:1
===2016-10-04 17:22:40.053 INFO  com.lawyer.xia.aop.LogAop Line:39  - CLASS_METHOD : com.lawyer.xia.controllers.shiro.ShiroController.login
===2016-10-04 17:22:40.054 INFO  com.lawyer.xia.aop.LogAop Line:40  - ARGS : [SystemUser{userId=null, userName='test', passWord='123456', sysDepartment=null, roles=null, salt='null', state=null}, org.apache.shiro.web.servlet.ShiroHttpServletRequest@57341189, org.springframework.validation.BeanPropertyBindingResult: 0 errors, {}]
===2016-10-04 17:22:40.056 INFO  com.lawyer.xia.controllers.shiro.ShiroController Line:57  - 对用户[test]进行登录验证..验证开始
===2016-10-04 17:22:40.180 INFO  com.lawyer.xia.controllers.shiro.ShiroController Line:59  - 对用户[test]进行登录验证..验证通过
===2016-10-04 17:22:40.181 INFO  com.lawyer.xia.controllers.shiro.ShiroController Line:93  - 用户[test]登录认证通过(这里可以进行一些认证通过后的一些系统参数初始化操作)
===2016-10-04 17:22:40.182 INFO  com.lawyer.xia.aop.LogAop Line:46  - RESPONSE : redirect:/index
===2016-10-04 17:22:40.286 INFO  com.lawyer.xia.aop.LogAop Line:36  - URL : http://localhost:8080/index
===2016-10-04 17:22:40.287 INFO  com.lawyer.xia.aop.LogAop Line:37  - HTTP_METHOD : GET
===2016-10-04 17:22:40.289 INFO  com.lawyer.xia.aop.LogAop Line:38  - IP : 0:0:0:0:0:0:0:1
===2016-10-04 17:22:40.290 INFO  com.lawyer.xia.aop.LogAop Line:39  - CLASS_METHOD : com.lawyer.xia.controllers.shiro.ShiroController.getUserList
===2016-10-04 17:22:40.291 INFO  com.lawyer.xia.aop.LogAop Line:40  - ARGS : [{}, org.apache.catalina.session.StandardSessionFacade@7919dbad]
===2016-10-04 17:22:40.293 INFO  com.lawyer.xia.aop.LogAop Line:46  - RESPONSE : index
